http://www.lazada.vn/
http://www.lazada.vn/helpcenter/
http://www.lazada.vn/helpcenter/shipping-delivery/
http://www.lazada.vn/?setLang=en
http://www.lazada.vn/helpcenter/orders-payment/
http://www.lazada.vn/helpcenter/returns-refunds/
http://www.lazada.vn/tuyet-chieu-mua-sam/
http://www.lazada.vn/faq/
http://www.lazada.vn/khong-the-re-hon/
http://www.lazada.vn/san-pham-ban-boi-lazada/
http://www.lazada.vn/dieu-kien-su-dung-voucher/
http://www.lazada.vn/friso-chinh-hang/?ref=popular-search4&keyword=friso
http://www.lazada.vn/iphone-7/?ref=popular-search2&keyword=iphone+7
http://www.lazada.vn/pediasure-chinh-hang/?ref=popular-search5&keyword=PEDIASURE
http://www.lazada.vn/khong-the-re-hon/?ref=popular-search1&keyword=khuyến+mãi
http://www.lazada.vn/dao-gap/?ref=popular-search6&keyword=Dao+atm
http://www.lazada.vn/cart
http://www.lazada.vn/cac-loai-bot/?q=baking+soda&searchredirect=baking+soda?ref=popular-search7&keyword=Baking+soda
http://www.lazada.vn/acnes/?ref=popular-search8&keyword=Acnes
http://www.lazada.vn/dien-thoai-may-tinh-bang/
http://www.lazada.vn/may-tinh-bang/
http://www.lazada.vn/smartphone/?q=iphone+6s&searchredirect=iphone+6s&ref=popular-search3&keyword=iPhone%206s
http://www.lazada.vn/dien-thoai-di-dong/
http://www.lazada.vn/phu-kien-dien-thoai-may-tinh-bang/
http://www.lazada.vn/pin-sac-du-phong/
http://www.lazada.vn/op-lung-bao-da-dien-thoai/
http://www.lazada.vn/cap-dock-sac/
http://www.lazada.vn/phu-kien-di-dong-tren-xe-hoi/
http://www.lazada.vn/phu-kien-dien-thoai-khac/
http://www.lazada.vn/phu-kien-may-tinh-bang/
http://www.lazada.vn/mieng-dan-man-hinh-dien-thoai/
http://www.lazada.vn/may-vi-tinh-laptop/
http://www.lazada.vn/phu-kien-camera-dien-thoai/
http://www.lazada.vn/pin-va-bo-sac/
http://www.lazada.vn/dong-2-in-1/
http://www.lazada.vn/laptop/
http://www.lazada.vn/laptop-co-ban/
http://www.lazada.vn/macbooks/
http://www.lazada.vn/may-tinh-de-ban-va-phu-kien/
http://www.lazada.vn/laptop-giai-tri/
http://www.lazada.vn/linh-kien-may-tinh/
http://www.lazada.vn/may-in-phu-kien/
http://www.lazada.vn/thiet-bi-mang/
http://www.lazada.vn/thiet-bi-luu-tru/
http://www.lazada.vn/phu-kien-may-vi-tinh/
http://www.lazada.vn/may-anh-may-quay-phim/
http://www.lazada.vn/may-anh-slr/
http://www.lazada.vn/may-quay-phim/
http://www.lazada.vn/may-anh-khong-guong-lat/
http://www.lazada.vn/may-anh-du-lich/
http://www.lazada.vn/may-anh-sieu-zoom/
http://www.lazada.vn/may-anh-chup-lay-ngay/
http://www.lazada.vn/cac-loai-may-anh-khac/
http://www.lazada.vn/camera-xe-hoi/
http://www.lazada.vn/phu-kien-may-anh-may-quay-phim/
http://www.lazada.vn/tui-balo-dung-may-anh/
http://www.lazada.vn/tivi/
http://www.lazada.vn/tv-video-am-thanh-thiet-bi-deo-cong-nghe/
http://www.lazada.vn/cac-loai-ong-nhom/
http://www.lazada.vn/tivi/?display_size=1--0--18--20--21--24
http://www.lazada.vn/tivi/?display_size=30--32--33--34--35--39--40--42
http://www.lazada.vn/the-nho-may-anh/
http://www.lazada.vn/tivi/?display_size=25--28--29--30--32
http://www.lazada.vn/cac-loai-ong-kinh/
http://www.lazada.vn/tripods-monopods/
http://www.lazada.vn/tivi/?display_size=43--44--47--48--49--50--51
http://www.lazada.vn/tivi/?display_size=55--58--60--65--70--73--75--78--79--80--84--85--88--90-100--101--102--105--115--120--130--162
http://www.lazada.vn/tivi-gia-dac-biet-cho-cac-tinh-thanh-lon/
http://www.lazada.vn/thiet-bi-loa-di-dong/
http://www.lazada.vn/he-thong-giai-tri-cho-tai-gia/
http://www.lazada.vn/phu-kien-cho-tv/
http://www.lazada.vn/cac-loai-tai-nghe/
http://www.lazada.vn/thiet-bi-phat-am-thanh-di-dong/
http://www.lazada.vn/video/
http://www.lazada.vn/cac-loai-media-player/
http://www.lazada.vn/thiet-bi-am-thanh-di-dong/
http://www.lazada.vn/thiet-bi-choi-game/
http://www.lazada.vn/cac-loai-may-chieu/
http://www.lazada.vn/thiet-bi-choi-game/brand-xbox/
http://www.lazada.vn/thiet-bi-choi-game/nintendo/
http://www.lazada.vn/thiet-bi-ps4/
http://www.lazada.vn/dong-ho-thong-minh-smart-watch/
http://www.lazada.vn/thiet-bi-deo-cong-nghe/
http://www.lazada.vn/thiet-bi-giam-sat-thong-minh/
http://www.lazada.vn/thiet-bi-dieu-khien-qua-app/
http://www.lazada.vn/brands/
http://www.lazada.vn/kinh-3d-cho-tivi/
http://www.lazada.vn/asus/
http://www.lazada.vn/vong-theo-doi-van-dong/
http://www.lazada.vn/apple/
http://www.lazada.vn/canon/
http://www.lazada.vn/infinix/
http://www.lazada.vn/flash/
http://www.lazada.vn/dell/
http://www.lazada.vn/nikon/
http://www.lazada.vn/lenovo/
http://www.lazada.vn/jbl/
http://www.lazada.vn/samsung-viet-nam/
http://www.lazada.vn/hang-dien-tu-tra-gop-0-phan-tram/
http://www.lazada.vn/lg/
http://www.lazada.vn/sony/
http://www.lazada.vn/top-100-tivi-ban-chay/
http://www.lazada.vn/xiaomi/
http://www.lazada.vn/
http://www.lazada.vn/helpcenter/
http://www.lazada.vn/helpcenter/shipping-delivery/
http://www.lazada.vn/helpcenter/orders-payment/
http://www.lazada.vn/?setLang=en
http://www.lazada.vn/helpcenter/returns-refunds/
http://www.lazada.vn/dieu-kien-su-dung-voucher/
http://www.lazada.vn/khong-the-re-hon/
http://www.lazada.vn/faq/
http://www.lazada.vn/tuyet-chieu-mua-sam/
http://www.lazada.vn/san-pham-ban-boi-lazada/
http://www.lazada.vn/pediasure-chinh-hang/?ref=popular-search5&keyword=PEDIASURE
http://www.lazada.vn/khong-the-re-hon/?ref=popular-search1&keyword=khuyến+mãi
http://www.lazada.vn/friso-chinh-hang/?ref=popular-search4&keyword=friso
http://www.lazada.vn/iphone-7/?ref=popular-search2&keyword=iphone+7
http://www.lazada.vn/cart
http://www.lazada.vn/cac-loai-bot/?q=baking+soda&searchredirect=baking+soda?ref=popular-search7&keyword=Baking+soda
http://www.lazada.vn/dao-gap/?ref=popular-search6&keyword=Dao+atm
http://www.lazada.vn/smartphone/?q=iphone+6s&searchredirect=iphone+6s&ref=popular-search3&keyword=iPhone%206s
http://www.lazada.vn/acnes/?ref=popular-search8&keyword=Acnes
http://www.lazada.vn/dien-thoai-may-tinh-bang/
http://www.lazada.vn/dien-thoai-di-dong/
http://www.lazada.vn/pin-va-bo-sac/
http://www.lazada.vn/cap-dock-sac/
http://www.lazada.vn/may-tinh-bang/
http://www.lazada.vn/phu-kien-dien-thoai-khac/
http://www.lazada.vn/pin-sac-du-phong/
http://www.lazada.vn/phu-kien-dien-thoai-may-tinh-bang/
http://www.lazada.vn/op-lung-bao-da-dien-thoai/
http://www.lazada.vn/phu-kien-di-dong-tren-xe-hoi/
http://www.lazada.vn/mieng-dan-man-hinh-dien-thoai/
http://www.lazada.vn/phu-kien-may-tinh-bang/
http://www.lazada.vn/may-vi-tinh-laptop/
http://www.lazada.vn/laptop/
http://www.lazada.vn/phu-kien-camera-dien-thoai/
http://www.lazada.vn/may-tinh-de-ban-va-phu-kien/
http://www.lazada.vn/laptop-co-ban/
http://www.lazada.vn/laptop-giai-tri/
http://www.lazada.vn/dong-2-in-1/
http://www.lazada.vn/macbooks/
http://www.lazada.vn/thiet-bi-luu-tru/
http://www.lazada.vn/linh-kien-may-tinh/
http://www.lazada.vn/phu-kien-may-vi-tinh/
http://www.lazada.vn/thiet-bi-mang/
http://www.lazada.vn/may-in-phu-kien/
http://www.lazada.vn/may-anh-may-quay-phim/
http://www.lazada.vn/may-anh-chup-lay-ngay/
http://www.lazada.vn/may-anh-du-lich/
http://www.lazada.vn/may-anh-slr/
http://www.lazada.vn/may-quay-phim/
http://www.lazada.vn/may-anh-sieu-zoom/
http://www.lazada.vn/camera-xe-hoi/
http://www.lazada.vn/cac-loai-may-anh-khac/
http://www.lazada.vn/phu-kien-may-anh-may-quay-phim/
http://www.lazada.vn/may-anh-khong-guong-lat/
http://www.lazada.vn/the-nho-may-anh/
http://www.lazada.vn/cac-loai-ong-kinh/
http://www.lazada.vn/tivi/?display_size=1--0--18--20--21--24
http://www.lazada.vn/tv-video-am-thanh-thiet-bi-deo-cong-nghe/
http://www.lazada.vn/tripods-monopods/
http://www.lazada.vn/tivi/
http://www.lazada.vn/tivi/?display_size=30--32--33--34--35--39--40--42
http://www.lazada.vn/tivi/?display_size=43--44--47--48--49--50--51
http://www.lazada.vn/tui-balo-dung-may-anh/
http://www.lazada.vn/cac-loai-ong-nhom/
http://www.lazada.vn/tivi/?display_size=25--28--29--30--32
http://www.lazada.vn/tivi-gia-dac-biet-cho-cac-tinh-thanh-lon/
http://www.lazada.vn/tivi/?display_size=55--58--60--65--70--73--75--78--79--80--84--85--88--90-100--101--102--105--115--120--130--162
http://www.lazada.vn/phu-kien-cho-tv/
http://www.lazada.vn/thiet-bi-am-thanh-di-dong/
http://www.lazada.vn/thiet-bi-loa-di-dong/
http://www.lazada.vn/thiet-bi-phat-am-thanh-di-dong/
http://www.lazada.vn/he-thong-giai-tri-cho-tai-gia/
http://www.lazada.vn/cac-loai-may-chieu/
http://www.lazada.vn/video/
http://www.lazada.vn/cac-loai-tai-nghe/
http://www.lazada.vn/cac-loai-media-player/
http://www.lazada.vn/thiet-bi-choi-game/brand-xbox/
http://www.lazada.vn/thiet-bi-choi-game/
http://www.lazada.vn/thiet-bi-choi-game/nintendo/
http://www.lazada.vn/vong-theo-doi-van-dong/
http://www.lazada.vn/dong-ho-thong-minh-smart-watch/
http://www.lazada.vn/thiet-bi-deo-cong-nghe/
http://www.lazada.vn/kinh-3d-cho-tivi/
http://www.lazada.vn/thiet-bi-dieu-khien-qua-app/
http://www.lazada.vn/apple/
http://www.lazada.vn/thiet-bi-ps4/
http://www.lazada.vn/thiet-bi-giam-sat-thong-minh/
http://www.lazada.vn/brands/
http://www.lazada.vn/asus/
http://www.lazada.vn/flash/
http://www.lazada.vn/dell/
http://www.lazada.vn/canon/
http://www.lazada.vn/infinix/
http://www.lazada.vn/lg/
http://www.lazada.vn/jbl/
http://www.lazada.vn/xiaomi/
http://www.lazada.vn/lenovo/
http://www.lazada.vn/sony/
http://www.lazada.vn/top-100-tivi-ban-chay/
http://www.lazada.vn/nikon/
http://www.lazada.vn/samsung-viet-nam/
http://www.lazada.vn/hang-dien-tu-tra-gop-0-phan-tram/
http://www.lazada.vn/dam-nu/
http://www.lazada.vn/khong-the-re-hon-dien-thoai-may-tinh-bang/
http://www.lazada.vn/thoi-trang-nu/
http://www.lazada.vn/trang-phuc-nu/
http://www.lazada.vn/ao-khoac-nu/
http://www.lazada.vn/quan-nu/
http://www.lazada.vn/chan-vay/
http://www.lazada.vn/do-boi-nu/
http://www.lazada.vn/that-lung-nu/
http://www.lazada.vn/non-thoi-trang-nu/
http://www.lazada.vn/dam-bau/
http://www.lazada.vn/ao-thun-nu/
http://www.lazada.vn/du-nu/
http://www.lazada.vn/do-lot-do-ngu/
http://www.lazada.vn/tui-xach-tay-nu/
http://www.lazada.vn/quan-short-cho-nu/
http://www.lazada.vn/tui-xach-nu/
http://www.lazada.vn/ba-lo-nu/
http://www.lazada.vn/kinh-mat-danh-cho-nu/
http://www.lazada.vn/mat-kinh-nu/
http://www.lazada.vn/kinh-deo-mat-nu/
http://www.lazada.vn/tui-deo-cheo-nu/
http://www.lazada.vn/vi-cho-nu/
http://www.lazada.vn/vi-cam-tay/
http://www.lazada.vn/giay-nu-thoi-trang/
http://www.lazada.vn/tui-ban-to-nu/
http://www.lazada.vn/giay-nu-de-bang/
http://www.lazada.vn/giay-cao-got-nu-thoi-trang/
http://www.lazada.vn/giay-de-xuong-nu-thoi-trang/
http://www.lazada.vn/trang-suc-nu/
http://www.lazada.vn/vong-deo-tay-nu/
http://www.lazada.vn/vong-co-nu/
http://www.lazada.vn/bong-tai-nu/
http://www.lazada.vn/nhan-nu/
http://www.lazada.vn/mua-giay-the-thao-nu/
http://www.lazada.vn/giay-bot-nu/
http://www.lazada.vn/bo-trang-suc-phu-kien-nu/
http://www.lazada.vn/xang-dan-nu-thoi-trang/
http://www.lazada.vn/dep-thoi-trang-nu/
http://www.lazada.vn/dong-ho-nu-thoi-trang/
http://www.lazada.vn/dong-ho-nu-doanh-nhan/
http://www.lazada.vn/dong-ho-nu-thoi-trang-cao-cap/
http://www.lazada.vn/dong-ho-the-thao-danh-cho-nu/
http://www.lazada.vn/thoi-trang-danh-cho-be-gai/?ref=HP
http://www.lazada.vn/dong-ho-nu-casual/
http://www.lazada.vn/link-cac-thuong-hieu/thoi-trang-nu/
http://www.lazada.vn/biti-s-shop/
http://www.lazada.vn/quan-ao-danh-cho-be-gai/
http://www.lazada.vn/dong-ho-danh-cho-be-gai/
http://www.lazada.vn/thoi-trang-giay-danh-cho-be-gai/
http://www.lazada.vn/aqua-sportswear/
http://www.lazada.vn/phu-kien-danh-cho-be-gai/
http://www.lazada.vn/ibasic/
http://www.lazada.vn/labelle/
http://www.lazada.vn/hoang-khanh/
http://www.lazada.vn/marc/
http://www.lazada.vn/link-cac-thuong-hieu/dong-ho-mat-kinh-trang-suc/
http://www.lazada.vn/misaki/
http://www.lazada.vn/paradise-fashion/
http://www.lazada.vn/thoi-trang-nu/lada/
http://www.lazada.vn/bestdon/?q=nu
http://www.lazada.vn/triumph/
http://www.lazada.vn/lata/
http://www.lazada.vn/new-look/
http://www.lazada.vn/thoi-trang-nu/mirabella/
http://www.lazada.vn/wannabe/
http://www.lazada.vn/brand-daniel-wellington/
http://www.lazada.vn/btj/?sort=priceasc&amp;dir=asc
http://www.lazada.vn/citizen/?q=nu
http://www.lazada.vn/dong-ho-nu-thoi-trang/casio/
http://www.lazada.vn/jubilant/?q=nu
http://www.lazada.vn/julius/
http://www.lazada.vn/rayban/
http://www.lazada.vn/exfash/
http://www.lazada.vn/elizabeth/
http://www.lazada.vn/michael-kors/
http://www.lazada.vn/dong-ho-nu-thoi-trang/timex/?searchredirect=timex
http://www.lazada.vn/ron-rang-sac-thu/
http://www.lazada.vn/stuhrling-original/?q-nu
http://www.lazada.vn/brand-soufeel/
http://www.lazada.vn/thoi-trang-nam/
http://www.lazada.vn/dong-ho-mat-kinh-phu-kien-hang-hieu-gia-si/
http://www.lazada.vn/ao-khoac-nam/
http://www.lazada.vn/shop-lata/
http://www.lazada.vn/trang-phuc-nam/
http://www.lazada.vn/ao-thun-nam/
http://www.lazada.vn/quan-nam/
http://www.lazada.vn/quan-short-nam/
http://www.lazada.vn/du-thoi-trang-nam/
http://www.lazada.vn/ao-so-mi/
http://www.lazada.vn/tui-xach-cong-so-thoi-trang-nam/
http://www.lazada.vn/ao-len-cardigan-nam/
http://www.lazada.vn/non-thoi-trang-nam/
http://www.lazada.vn/tui-xach-nam/
http://www.lazada.vn/tui-messenger-thoi-trang-nam/
http://www.lazada.vn/ca-vat-no-buom/
http://www.lazada.vn/tui-deo-cheo-cho-nam/
http://www.lazada.vn/ba-lo-thoi-trang-nam/
http://www.lazada.vn/that-lung-nam/
http://www.lazada.vn/do-lot-tat/
http://www.lazada.vn/vi-cho-nam/
http://www.lazada.vn/mat-kinh-nam/
http://www.lazada.vn/kinh-mat-danh-cho-nam/
http://www.lazada.vn/kinh-deo-mat-nam/
http://www.lazada.vn/giay-nam-thoi-trang/
http://www.lazada.vn/giay-cong-so-nam-thoi-trang/
http://www.lazada.vn/nhan-nam/
http://www.lazada.vn/giay-casual-nam-thoi-trang/
http://www.lazada.vn/dep-thoi-trang-nam/
http://www.lazada.vn/vong-co-nam/
http://www.lazada.vn/giay-bot-nam-thoi-trang/
http://www.lazada.vn/trang-suc-nam/
http://www.lazada.vn/vong-tay-nam/
http://www.lazada.vn/dong-ho-nam-gioi/
http://www.lazada.vn/bong-tai-nam/
http://www.lazada.vn/phu-kien-nam-khac/
http://www.lazada.vn/dong-ho-thoi-trang-danh-cho-nam-gioi/
http://www.lazada.vn/dong-ho-business-nam-gioi/
http://www.lazada.vn/link-cac-thuong-hieu/thoi-trang-nam/
http://www.lazada.vn/phu-kien-danh-cho-be-trai/
http://www.lazada.vn/thoi-trang-giay-cho-be-trai/
http://www.lazada.vn/dong-ho-the-thao-danh-cho-nam-gioi/
http://www.lazada.vn/huyhoang/
http://www.lazada.vn/quan-ao-cho-be-trai/
http://www.lazada.vn/dong-ho-casual-nam-gioi/
http://www.lazada.vn/dong-ho-danh-cho-be-trai/
http://www.lazada.vn/thoi-trang-danh-cho-be-trai/
http://www.lazada.vn/cat-sa/
http://www.lazada.vn/j-buss/
http://www.lazada.vn/thoi-trang-nam/kapo/
http://www.lazada.vn/mattana1/
http://www.lazada.vn/tokui-japan/
http://www.lazada.vn/thoi-trang-nam/giay-cao-smartmen--smartmen/
http://www.lazada.vn/seahorse-underwear/
http://www.lazada.vn/bac-hieu-minh/?q=nam
http://www.lazada.vn/dong-ho-nam-gioi/casio/
http://www.lazada.vn/tuvi-s/
http://www.lazada.vn/dong-ho/curren/
http://www.lazada.vn/invicta/?q=nam
http://www.lazada.vn/vnl/
http://www.lazada.vn/seiko/
http://www.lazada.vn/sinobi/?q=nam
http://www.lazada.vn/dong-ho/skmei/?q=nam
http://www.lazada.vn/dong-ho-nam-gioi/citizen
http://www.lazada.vn/tissot/
http://www.lazada.vn/stuhrling-original/?q-nam
http://www.lazada.vn/hang-ve-bao-la-mua-sam-tha-ga/
http://www.lazada.vn/titan/
http://www.lazada.vn/giay-nam-phong-cach-moi-ngay/
http://www.lazada.vn/do-gia-dung-nha-bep/
http://www.lazada.vn/noi-com-dien-va-noi-hap/
http://www.lazada.vn/dong-ho-mat-kinh-phu-kien-mua-1-duoc-2/
http://www.lazada.vn/do-gia-dung/?ref=HP
http://www.lazada.vn/bep-nuong-dien/
http://www.lazada.vn/am-sieu-toc-binh-thuy-dien/
http://www.lazada.vn/may-pha-cafe-phu-kien/
http://www.lazada.vn/may-xay-ep-trai-cay/
http://www.lazada.vn/bep-chien/
http://www.lazada.vn/ban-ui-cong-nghiep/
http://www.lazada.vn/ban-ui/
http://www.lazada.vn/thiet-bi-cham-soc-quan-ao/
http://www.lazada.vn/may-may/
http://www.lazada.vn/may-giat-va-say/
http://www.lazada.vn/may-dung-che-bien-thuc-an/
http://www.lazada.vn/tu-lanh/
http://www.lazada.vn/lo-vi-song-lo-nuong/
http://www.lazada.vn/bep-nau-lon/
http://www.lazada.vn/do-gia-dung-lon/
http://www.lazada.vn/quat-may-nong-lanh/
http://www.lazada.vn/quat/
http://www.lazada.vn/tu-dong/
http://www.lazada.vn/may-lanh/
http://www.lazada.vn/dung-cu-nau-an/
http://www.lazada.vn/nha-cua-doi-song/?ref=HP
http://www.lazada.vn/dung-cu-phu-kien-lam-banh/
http://www.lazada.vn/may-nuoc-nong-da-diem/
http://www.lazada.vn/do-dung-cho-ban-an/
http://www.lazada.vn/phu-kien-dung-cu-nha-bep/
http://www.lazada.vn/dao-nha-bep/
http://www.lazada.vn/do-dung-bep-phong-an/
http://www.lazada.vn/may-loc-khi-may-hut-am-may-tao-do-am/
http://www.lazada.vn/vat-dung-dung-do-trong-nha-bep/
http://www.lazada.vn/choi-dien/
http://www.lazada.vn/may-hut-bui/
http://www.lazada.vn/dung-cu-thiet-bi-gia-dinh/
http://www.lazada.vn/noi-that-phong-khach/
http://www.lazada.vn/san-pham-ve-sinh/
http://www.lazada.vn/noi-that-phong-ngu/
http://www.lazada.vn/do-dung-giat-giu/
http://www.lazada.vn/san-pham-noi-that/
http://www.lazada.vn/noi-that-phong-lam-viec-tai-gia/
http://www.lazada.vn/noi-that-nha-bep-phong-an/
http://www.lazada.vn/do-dung-ngoai-troi-san-vuon/
http://www.lazada.vn/noi-that-cho-hanh-lang-loi-vao-van-phong/
http://www.lazada.vn/do-dung-lam-vuon/
http://www.lazada.vn/dung-cu-cam-tay-da-nang/
http://www.lazada.vn/vat-dung-trang-tri-ngoai-troi/
http://www.lazada.vn/tan-trang-nha-cua/
http://www.lazada.vn/ngoai-troi-san-vuon/
http://www.lazada.vn/dung-cu-dien/
http://www.lazada.vn/do-dung-ngoai-troi/
http://www.lazada.vn/thiet-bi-dung-cu-dien/
http://www.lazada.vn/cac-loai-den/
http://www.lazada.vn/thiet-bi-bao-ve-an-toan/
http://www.lazada.vn/den-pin-gia-dinh/
http://www.lazada.vn/van-phong-pham-gia-dinh/
http://www.lazada.vn/cham-soc-thu-cung/
http://www.lazada.vn/san-pham-trang-tri-nha-cua/
http://www.lazada.vn/do-dung-phong-ngu-gia-dinh/
http://www.lazada.vn/do-dung-phu-kien-phong-tam/
http://www.lazada.vn/tu-dung-va-sap-xep-do/
http://www.lazada.vn/link-cac-thuong-hieu/do-gia-dung/
http://www.lazada.vn/bosch/
http://www.lazada.vn/do-gia-dung/daikin/
http://www.lazada.vn/do-gia-dung/electrolux/
http://www.lazada.vn/shop-elmich/
http://www.lazada.vn/do-gia-dung/lg/
http://www.lazada.vn/luminarc/
http://www.lazada.vn/makita/
http://www.lazada.vn/nha-cua-doi-song/panasonic/
http://www.lazada.vn/dien-gia-dung-samsung/
http://www.lazada.vn/dien-may-cho-lon-official-store/
http://www.lazada.vn/visions/
http://www.lazada.vn/do-gia-dung/toshiba/
http://www.lazada.vn/home-center/
http://www.lazada.vn/do-gia-dung/sharp/
http://www.lazada.vn/do-gia-dung/tiross/
http://www.lazada.vn/do-gia-dung/philips-official-store/
http://www.lazada.vn/cham-soc-suc-khoe-va-lam-dep/
http://www.lazada.vn/khong-the-re-hon-hang-gia-dinh-ban-chay/
http://www.lazada.vn/duong-da-va-serum/
http://www.lazada.vn/cac-loai-duong-am/
http://www.lazada.vn/mat-na-dap/
http://www.lazada.vn/sua-rua-mat/
http://www.lazada.vn/nuoc-hoa-hong-va-xit-khoang/
http://www.lazada.vn/cham-soc-da-mat/
http://www.lazada.vn/san-pham-cham-soc-toc/
http://www.lazada.vn/kem-chong-nang-phuc-hoi-sau-di-nang/
http://www.lazada.vn/cham-soc-ca-nhan/
http://www.lazada.vn/san-pham-tam-cham-soc-co-the/
http://www.lazada.vn/trang-diem/
http://www.lazada.vn/trang-diem-mat/
http://www.lazada.vn/mat/
http://www.lazada.vn/phu-kien-trang-diem/
http://www.lazada.vn/moi/
http://www.lazada.vn/bo-kit-trang-diem-va-palletes/
http://www.lazada.vn/nuoc-hoa/
http://www.lazada.vn/eau-de-parfume-nu/
http://www.lazada.vn/eau-de-toilette-nam/
http://www.lazada.vn/mong/
http://www.lazada.vn/dung-cu-tay-long/
http://www.lazada.vn/dung-cu-cham-soc-da/
http://www.lazada.vn/may-massage-lam-thon-co-the/
http://www.lazada.vn/cham-soc-cho-nam-gioi/
http://www.lazada.vn/dung-cu-tao-kieu-toc/
http://www.lazada.vn/dung-cu-cham-soc-sac-dep/
http://www.lazada.vn/cham-soc-toc-nam/
http://www.lazada.vn/cham-soc-rau/
http://www.lazada.vn/
http://www.lazada.vn/helpcenter/
http://www.lazada.vn/helpcenter/shipping-delivery/
http://www.lazada.vn/helpcenter/returns-refunds/
http://www.lazada.vn/helpcenter/orders-payment/
http://www.lazada.vn/dieu-kien-su-dung-voucher/
http://www.lazada.vn/?setLang=en
http://www.lazada.vn/faq/
http://www.lazada.vn/tuyet-chieu-mua-sam/
http://www.lazada.vn/san-pham-ban-boi-lazada/
http://www.lazada.vn/khong-the-re-hon/
http://www.lazada.vn/khong-the-re-hon/?ref=popular-search1&keyword=khuyến+mãi
http://www.lazada.vn/friso-chinh-hang/?ref=popular-search4&keyword=friso
http://www.lazada.vn/cart
http://www.lazada.vn/pediasure-chinh-hang/?ref=popular-search5&keyword=PEDIASURE
http://www.lazada.vn/iphone-7/?ref=popular-search2&keyword=iphone+7
http://www.lazada.vn/cac-loai-bot/?q=baking+soda&searchredirect=baking+soda?ref=popular-search7&keyword=Baking+soda
http://www.lazada.vn/acnes/?ref=popular-search8&keyword=Acnes
http://www.lazada.vn/dien-thoai-may-tinh-bang/
http://www.lazada.vn/dao-gap/?ref=popular-search6&keyword=Dao+atm
http://www.lazada.vn/smartphone/?q=iphone+6s&searchredirect=iphone+6s&ref=popular-search3&keyword=iPhone%206s
http://www.lazada.vn/op-lung-bao-da-dien-thoai/
http://www.lazada.vn/phu-kien-dien-thoai-may-tinh-bang/
http://www.lazada.vn/may-tinh-bang/
http://www.lazada.vn/pin-sac-du-phong/
http://www.lazada.vn/phu-kien-may-tinh-bang/
http://www.lazada.vn/dien-thoai-di-dong/
http://www.lazada.vn/mieng-dan-man-hinh-dien-thoai/
http://www.lazada.vn/pin-va-bo-sac/
http://www.lazada.vn/phu-kien-di-dong-tren-xe-hoi/
http://www.lazada.vn/phu-kien-dien-thoai-khac/
http://www.lazada.vn/cap-dock-sac/
http://www.lazada.vn/dong-2-in-1/
http://www.lazada.vn/macbooks/
http://www.lazada.vn/laptop-co-ban/
http://www.lazada.vn/laptop-giai-tri/
http://www.lazada.vn/phu-kien-camera-dien-thoai/
http://www.lazada.vn/may-vi-tinh-laptop/
http://www.lazada.vn/may-tinh-de-ban-va-phu-kien/
http://www.lazada.vn/phu-kien-may-vi-tinh/
http://www.lazada.vn/thiet-bi-luu-tru/
http://www.lazada.vn/may-in-phu-kien/
http://www.lazada.vn/linh-kien-may-tinh/
http://www.lazada.vn/thiet-bi-mang/
http://www.lazada.vn/may-anh-slr/
http://www.lazada.vn/laptop/
http://www.lazada.vn/may-anh-du-lich/
http://www.lazada.vn/may-anh-may-quay-phim/
http://www.lazada.vn/cac-loai-may-anh-khac/
http://www.lazada.vn/may-anh-khong-guong-lat/
http://www.lazada.vn/may-anh-sieu-zoom/
http://www.lazada.vn/may-quay-phim/
http://www.lazada.vn/camera-xe-hoi/
http://www.lazada.vn/phu-kien-may-anh-may-quay-phim/
http://www.lazada.vn/may-anh-chup-lay-ngay/
http://www.lazada.vn/tripods-monopods/
http://www.lazada.vn/the-nho-may-anh/
http://www.lazada.vn/cac-loai-ong-nhom/
http://www.lazada.vn/tui-balo-dung-may-anh/
http://www.lazada.vn/tivi/?display_size=1--0--18--20--21--24
http://www.lazada.vn/tivi/?display_size=30--32--33--34--35--39--40--42
http://www.lazada.vn/tivi/?display_size=43--44--47--48--49--50--51
http://www.lazada.vn/cac-loai-ong-kinh/
http://www.lazada.vn/tivi/?display_size=25--28--29--30--32
http://www.lazada.vn/tv-video-am-thanh-thiet-bi-deo-cong-nghe/
http://www.lazada.vn/tivi-gia-dac-biet-cho-cac-tinh-thanh-lon/
http://www.lazada.vn/tivi/
http://www.lazada.vn/tivi/?display_size=55--58--60--65--70--73--75--78--79--80--84--85--88--90-100--101--102--105--115--120--130--162
http://www.lazada.vn/cac-loai-tai-nghe/
http://www.lazada.vn/thiet-bi-am-thanh-di-dong/
http://www.lazada.vn/phu-kien-cho-tv/
http://www.lazada.vn/thiet-bi-phat-am-thanh-di-dong/
http://www.lazada.vn/thiet-bi-loa-di-dong/
http://www.lazada.vn/cac-loai-media-player/
http://www.lazada.vn/thiet-bi-choi-game/
http://www.lazada.vn/he-thong-giai-tri-cho-tai-gia/
http://www.lazada.vn/cac-loai-may-chieu/
http://www.lazada.vn/video/
http://www.lazada.vn/thiet-bi-choi-game/nintendo/
http://www.lazada.vn/thiet-bi-choi-game/brand-xbox/
http://www.lazada.vn/thiet-bi-ps4/
http://www.lazada.vn/thiet-bi-deo-cong-nghe/
http://www.lazada.vn/dong-ho-thong-minh-smart-watch/
http://www.lazada.vn/vong-theo-doi-van-dong/
http://www.lazada.vn/brands/
http://www.lazada.vn/thiet-bi-dieu-khien-qua-app/
http://www.lazada.vn/kinh-3d-cho-tivi/
http://www.lazada.vn/asus/
http://www.lazada.vn/apple/
http://www.lazada.vn/flash/
http://www.lazada.vn/thiet-bi-giam-sat-thong-minh/
http://www.lazada.vn/canon/
http://www.lazada.vn/dell/
http://www.lazada.vn/infinix/
http://www.lazada.vn/lg/
http://www.lazada.vn/jbl/
http://www.lazada.vn/nikon/
http://www.lazada.vn/lenovo/
http://www.lazada.vn/xiaomi/
http://www.lazada.vn/top-100-tivi-ban-chay/
http://www.lazada.vn/khong-the-re-hon-dien-thoai-may-tinh-bang/
http://www.lazada.vn/sony/
http://www.lazada.vn/hang-dien-tu-tra-gop-0-phan-tram/
http://www.lazada.vn/samsung-viet-nam/
http://www.lazada.vn/dam-nu/
http://www.lazada.vn/trang-phuc-nu/
http://www.lazada.vn/thoi-trang-nu/
http://www.lazada.vn/ao-khoac-nu/
http://www.lazada.vn/quan-nu/
http://www.lazada.vn/chan-vay/
http://www.lazada.vn/do-lot-do-ngu/
http://www.lazada.vn/quan-short-cho-nu/
http://www.lazada.vn/ao-thun-nu/
http://www.lazada.vn/dam-bau/
http://www.lazada.vn/that-lung-nu/
http://www.lazada.vn/do-boi-nu/
http://www.lazada.vn/non-thoi-trang-nu/
http://www.lazada.vn/ba-lo-nu/
http://www.lazada.vn/du-nu/
http://www.lazada.vn/tui-xach-tay-nu/
http://www.lazada.vn/vi-cam-tay/
http://www.lazada.vn/kinh-mat-danh-cho-nu/
http://www.lazada.vn/mat-kinh-nu/
http://www.lazada.vn/vi-cho-nu/
http://www.lazada.vn/tui-deo-cheo-nu/
http://www.lazada.vn/tui-xach-nu/
http://www.lazada.vn/kinh-deo-mat-nu/
http://www.lazada.vn/
http://www.lazada.vn/helpcenter/
http://www.lazada.vn/?setLang=en
http://www.lazada.vn/helpcenter/orders-payment/
http://www.lazada.vn/helpcenter/shipping-delivery/
http://www.lazada.vn/tuyet-chieu-mua-sam/
http://www.lazada.vn/helpcenter/returns-refunds/
http://www.lazada.vn/dieu-kien-su-dung-voucher/
http://www.lazada.vn/faq/
http://www.lazada.vn/san-pham-ban-boi-lazada/
http://www.lazada.vn/khong-the-re-hon/
http://www.lazada.vn/pediasure-chinh-hang/?ref=popular-search5&keyword=PEDIASURE
http://www.lazada.vn/friso-chinh-hang/?ref=popular-search4&keyword=friso
http://www.lazada.vn/iphone-7/?ref=popular-search2&keyword=iphone+7
http://www.lazada.vn/dao-gap/?ref=popular-search6&keyword=Dao+atm
http://www.lazada.vn/cac-loai-bot/?q=baking+soda&searchredirect=baking+soda?ref=popular-search7&keyword=Baking+soda
http://www.lazada.vn/acnes/?ref=popular-search8&keyword=Acnes
http://www.lazada.vn/khong-the-re-hon/?ref=popular-search1&keyword=khuyến+mãi
http://www.lazada.vn/cart
http://www.lazada.vn/dien-thoai-may-tinh-bang/
http://www.lazada.vn/may-tinh-bang/
http://www.lazada.vn/smartphone/?q=iphone+6s&searchredirect=iphone+6s&ref=popular-search3&keyword=iPhone%206s
http://www.lazada.vn/dien-thoai-di-dong/
http://www.lazada.vn/phu-kien-dien-thoai-may-tinh-bang/
http://www.lazada.vn/op-lung-bao-da-dien-thoai/
http://www.lazada.vn/pin-sac-du-phong/
http://www.lazada.vn/cap-dock-sac/
http://www.lazada.vn/phu-kien-di-dong-tren-xe-hoi/
http://www.lazada.vn/phu-kien-dien-thoai-khac/
http://www.lazada.vn/pin-va-bo-sac/
http://www.lazada.vn/mieng-dan-man-hinh-dien-thoai/
http://www.lazada.vn/phu-kien-may-tinh-bang/
http://www.lazada.vn/may-vi-tinh-laptop/
http://www.lazada.vn/dong-2-in-1/
http://www.lazada.vn/phu-kien-camera-dien-thoai/
http://www.lazada.vn/laptop/
http://www.lazada.vn/laptop-giai-tri/
http://www.lazada.vn/macbooks/
http://www.lazada.vn/laptop-co-ban/
http://www.lazada.vn/may-tinh-de-ban-va-phu-kien/
http://www.lazada.vn/linh-kien-may-tinh/
http://www.lazada.vn/may-in-phu-kien/
http://www.lazada.vn/thiet-bi-luu-tru/
http://www.lazada.vn/phu-kien-may-vi-tinh/
http://www.lazada.vn/may-anh-may-quay-phim/
http://www.lazada.vn/may-quay-phim/
http://www.lazada.vn/thiet-bi-mang/
http://www.lazada.vn/may-anh-du-lich/
http://www.lazada.vn/may-anh-slr/
http://www.lazada.vn/may-anh-khong-guong-lat/
http://www.lazada.vn/may-anh-sieu-zoom/
http://www.lazada.vn/the-nho-may-anh/
http://www.lazada.vn/phu-kien-may-anh-may-quay-phim/
http://www.lazada.vn/camera-xe-hoi/
http://www.lazada.vn/cac-loai-ong-nhom/
http://www.lazada.vn/tui-balo-dung-may-anh/
http://www.lazada.vn/tripods-monopods/
http://www.lazada.vn/cac-loai-ong-kinh/
http://www.lazada.vn/may-anh-chup-lay-ngay/
http://www.lazada.vn/cac-loai-may-anh-khac/
http://www.lazada.vn/tv-video-am-thanh-thiet-bi-deo-cong-nghe/
http://www.lazada.vn/tivi/
http://www.lazada.vn/tivi/?display_size=25--28--29--30--32
http://www.lazada.vn/tivi/?display_size=55--58--60--65--70--73--75--78--79--80--84--85--88--90-100--101--102--105--115--120--130--162
http://www.lazada.vn/tivi/?display_size=1--0--18--20--21--24
http://www.lazada.vn/cac-loai-tai-nghe/
http://www.lazada.vn/tivi-gia-dac-biet-cho-cac-tinh-thanh-lon/
http://www.lazada.vn/tivi/?display_size=30--32--33--34--35--39--40--42
http://www.lazada.vn/tivi/?display_size=43--44--47--48--49--50--51
http://www.lazada.vn/thiet-bi-loa-di-dong/
http://www.lazada.vn/thiet-bi-am-thanh-di-dong/
http://www.lazada.vn/he-thong-giai-tri-cho-tai-gia/
http://www.lazada.vn/thiet-bi-phat-am-thanh-di-dong/
http://www.lazada.vn/cac-loai-may-chieu/
http://www.lazada.vn/phu-kien-cho-tv/
http://www.lazada.vn/thiet-bi-choi-game/
http://www.lazada.vn/cac-loai-media-player/
http://www.lazada.vn/video/
http://www.lazada.vn/thiet-bi-choi-game/brand-xbox/
http://www.lazada.vn/thiet-bi-choi-game/nintendo/
http://www.lazada.vn/vong-theo-doi-van-dong/
http://www.lazada.vn/thiet-bi-ps4/
http://www.lazada.vn/dong-ho-thong-minh-smart-watch/
http://www.lazada.vn/thiet-bi-deo-cong-nghe/
http://www.lazada.vn/kinh-3d-cho-tivi/
http://www.lazada.vn/brands/
http://www.lazada.vn/thiet-bi-dieu-khien-qua-app/
http://www.lazada.vn/thiet-bi-giam-sat-thong-minh/
http://www.lazada.vn/apple/
http://www.lazada.vn/asus/
http://www.lazada.vn/flash/
http://www.lazada.vn/infinix/
http://www.lazada.vn/dell/
http://www.lazada.vn/lenovo/
http://www.lazada.vn/jbl/
http://www.lazada.vn/canon/
http://www.lazada.vn/lg/
http://www.lazada.vn/nikon/
http://www.lazada.vn/sony/
http://www.lazada.vn/samsung-viet-nam/
http://www.lazada.vn/top-100-tivi-ban-chay/
http://www.lazada.vn/xiaomi/
http://www.lazada.vn/hang-dien-tu-tra-gop-0-phan-tram/
http://www.lazada.vn/dam-nu/
http://www.lazada.vn/khong-the-re-hon-dien-thoai-may-tinh-bang/
http://www.lazada.vn/trang-phuc-nu/
http://www.lazada.vn/thoi-trang-nu/
http://www.lazada.vn/ao-khoac-nu/
http://www.lazada.vn/quan-short-cho-nu/
http://www.lazada.vn/non-thoi-trang-nu/
http://www.lazada.vn/dam-bau/
http://www.lazada.vn/ao-thun-nu/
http://www.lazada.vn/do-boi-nu/
http://www.lazada.vn/chan-vay/
http://www.lazada.vn/du-nu/
http://www.lazada.vn/quan-nu/
http://www.lazada.vn/that-lung-nu/
http://www.lazada.vn/do-lot-do-ngu/
http://www.lazada.vn/tui-xach-tay-nu/
http://www.lazada.vn/kinh-mat-danh-cho-nu/
http://www.lazada.vn/tui-ban-to-nu/
http://www.lazada.vn/vi-cho-nu/
http://www.lazada.vn/mat-kinh-nu/
http://www.lazada.vn/tui-deo-cheo-nu/
http://www.lazada.vn/kinh-deo-mat-nu/
http://www.lazada.vn/tui-xach-nu/
http://www.lazada.vn/vi-cam-tay/
http://www.lazada.vn/ba-lo-nu/
http://www.lazada.vn/giay-nu-thoi-trang/
http://www.lazada.vn/giay-cao-got-nu-thoi-trang/
http://www.lazada.vn/giay-nu-de-bang/
http://www.lazada.vn/giay-de-xuong-nu-thoi-trang/
http://www.lazada.vn/trang-suc-nu/
http://www.lazada.vn/vong-co-nu/
http://www.lazada.vn/vong-deo-tay-nu/
http://www.lazada.vn/giay-bot-nu/
http://www.lazada.vn/nhan-nu/
http://www.lazada.vn/xang-dan-nu-thoi-trang/
http://www.lazada.vn/dep-thoi-trang-nu/
http://www.lazada.vn/mua-giay-the-thao-nu/
http://www.lazada.vn/bo-trang-suc-phu-kien-nu/
http://www.lazada.vn/dong-ho-nu-thoi-trang/
http://www.lazada.vn/bong-tai-nu/
http://www.lazada.vn/dong-ho-nu-casual/
http://www.lazada.vn/dong-ho-nu-doanh-nhan/
http://www.lazada.vn/dong-ho-nu-thoi-trang-cao-cap/
http://www.lazada.vn/dong-ho-the-thao-danh-cho-nu/
http://www.lazada.vn/link-cac-thuong-hieu/thoi-trang-nu/
http://www.lazada.vn/dong-ho-danh-cho-be-gai/
http://www.lazada.vn/thoi-trang-giay-danh-cho-be-gai/
http://www.lazada.vn/phu-kien-danh-cho-be-gai/
http://www.lazada.vn/thoi-trang-danh-cho-be-gai/?ref=HP
http://www.lazada.vn/quan-ao-danh-cho-be-gai/
http://www.lazada.vn/biti-s-shop/
http://www.lazada.vn/aqua-sportswear/
http://www.lazada.vn/hoang-khanh/
http://www.lazada.vn/ibasic/
http://www.lazada.vn/marc/
http://www.lazada.vn/lata/
http://www.lazada.vn/thoi-trang-nu/lada/
http://www.lazada.vn/misaki/
http://www.lazada.vn/labelle/
http://www.lazada.vn/paradise-fashion/
http://www.lazada.vn/triumph/
http://www.lazada.vn/wannabe/
http://www.lazada.vn/thoi-trang-nu/mirabella/
http://www.lazada.vn/new-look/
http://www.lazada.vn/btj/?sort=priceasc&amp;dir=asc
http://www.lazada.vn/link-cac-thuong-hieu/dong-ho-mat-kinh-trang-suc/
http://www.lazada.vn/bestdon/?q=nu
http://www.lazada.vn/jubilant/?q=nu
http://www.lazada.vn/exfash/
http://www.lazada.vn/dong-ho-nu-thoi-trang/casio/
http://www.lazada.vn/brand-daniel-wellington/
http://www.lazada.vn/citizen/?q=nu
http://www.lazada.vn/julius/
http://www.lazada.vn/elizabeth/
http://www.lazada.vn/brand-soufeel/
http://www.lazada.vn/rayban/
http://www.lazada.vn/michael-kors/
http://www.lazada.vn/stuhrling-original/?q-nu
http://www.lazada.vn/dong-ho-nu-thoi-trang/timex/?searchredirect=timex
http://www.lazada.vn/shop-lata/
http://www.lazada.vn/dong-ho-mat-kinh-phu-kien-hang-hieu-gia-si/
http://www.lazada.vn/ao-khoac-nam/
http://www.lazada.vn/ron-rang-sac-thu/
http://www.lazada.vn/ao-thun-nam/
http://www.lazada.vn/thoi-trang-nam/
http://www.lazada.vn/ao-so-mi/
http://www.lazada.vn/quan-short-nam/
http://www.lazada.vn/quan-nam/
http://www.lazada.vn/trang-phuc-nam/
http://www.lazada.vn/ao-len-cardigan-nam/
http://www.lazada.vn/that-lung-nam/
http://www.lazada.vn/du-thoi-trang-nam/
http://www.lazada.vn/non-thoi-trang-nam/
http://www.lazada.vn/ca-vat-no-buom/
http://www.lazada.vn/tui-xach-cong-so-thoi-trang-nam/
http://www.lazada.vn/do-lot-tat/
http://www.lazada.vn/tui-messenger-thoi-trang-nam/
http://www.lazada.vn/mat-kinh-nam/
http://www.lazada.vn/tui-xach-nam/
http://www.lazada.vn/vi-cho-nam/
http://www.lazada.vn/tui-deo-cheo-cho-nam/
http://www.lazada.vn/ba-lo-thoi-trang-nam/
http://www.lazada.vn/kinh-deo-mat-nam/
http://www.lazada.vn/kinh-mat-danh-cho-nam/
http://www.lazada.vn/giay-nam-thoi-trang/
http://www.lazada.vn/vong-tay-nam/
http://www.lazada.vn/trang-suc-nam/
http://www.lazada.vn/giay-cong-so-nam-thoi-trang/
http://www.lazada.vn/vong-co-nam/
http://www.lazada.vn/giay-bot-nam-thoi-trang/
http://www.lazada.vn/phu-kien-nam-khac/
http://www.lazada.vn/dep-thoi-trang-nam/
http://www.lazada.vn/giay-casual-nam-thoi-trang/
http://www.lazada.vn/bong-tai-nam/
http://www.lazada.vn/nhan-nam/
http://www.lazada.vn/dong-ho-nam-gioi/
http://www.lazada.vn/dong-ho-business-nam-gioi/
http://www.lazada.vn/dong-ho-casual-nam-gioi/
http://www.lazada.vn/dong-ho-thoi-trang-danh-cho-nam-gioi/
http://www.lazada.vn/dong-ho-danh-cho-be-trai/
http://www.lazada.vn/link-cac-thuong-hieu/thoi-trang-nam/
http://www.lazada.vn/cat-sa/
http://www.lazada.vn/quan-ao-cho-be-trai/
http://www.lazada.vn/thoi-trang-danh-cho-be-trai/
http://www.lazada.vn/thoi-trang-giay-cho-be-trai/
http://www.lazada.vn/phu-kien-danh-cho-be-trai/
http://www.lazada.vn/dong-ho-the-thao-danh-cho-nam-gioi/
http://www.lazada.vn/j-buss/
http://www.lazada.vn/thoi-trang-nam/kapo/
http://www.lazada.vn/huyhoang/
http://www.lazada.vn/mattana1/
http://www.lazada.vn/vnl/
http://www.lazada.vn/seahorse-underwear/
http://www.lazada.vn/tokui-japan/
http://www.lazada.vn/dong-ho/curren/
http://www.lazada.vn/invicta/?q=nam
http://www.lazada.vn/dong-ho-nam-gioi/citizen
http://www.lazada.vn/thoi-trang-nam/giay-cao-smartmen--smartmen/
http://www.lazada.vn/tuvi-s/
http://www.lazada.vn/bac-hieu-minh/?q=nam
http://www.lazada.vn/seiko/
http://www.lazada.vn/dong-ho-nam-gioi/casio/
http://www.lazada.vn/dong-ho/skmei/?q=nam
http://www.lazada.vn/sinobi/?q=nam
http://www.lazada.vn/do-gia-dung/?ref=HP
http://www.lazada.vn/hang-ve-bao-la-mua-sam-tha-ga/
http://www.lazada.vn/giay-nam-phong-cach-moi-ngay/
http://www.lazada.vn/titan/
http://www.lazada.vn/tissot/
http://www.lazada.vn/stuhrling-original/?q-nam
http://www.lazada.vn/do-gia-dung-nha-bep/
http://www.lazada.vn/dong-ho-mat-kinh-phu-kien-mua-1-duoc-2/
http://www.lazada.vn/may-dung-che-bien-thuc-an/
http://www.lazada.vn/noi-com-dien-va-noi-hap/
http://www.lazada.vn/bep-chien/
http://www.lazada.vn/may-xay-ep-trai-cay/
http://www.lazada.vn/bep-nuong-dien/
http://www.lazada.vn/thiet-bi-cham-soc-quan-ao/
http://www.lazada.vn/am-sieu-toc-binh-thuy-dien/
http://www.lazada.vn/do-gia-dung-lon/
http://www.lazada.vn/may-may/
http://www.lazada.vn/ban-ui/
http://www.lazada.vn/ban-ui-cong-nghiep/
http://www.lazada.vn/may-pha-cafe-phu-kien/
http://www.lazada.vn/tu-lanh/
http://www.lazada.vn/may-giat-va-say/
http://www.lazada.vn/bep-nau-lon/
http://www.lazada.vn/tu-dong/
http://www.lazada.vn/quat-may-nong-lanh/
http://www.lazada.vn/lo-vi-song-lo-nuong/
http://www.lazada.vn/may-lanh/
http://www.lazada.vn/quat/
http://www.lazada.vn/may-loc-khi-may-hut-am-may-tao-do-am/
http://www.lazada.vn/do-dung-bep-phong-an/
http://www.lazada.vn/nha-cua-doi-song/?ref=HP
http://www.lazada.vn/dung-cu-nau-an/
http://www.lazada.vn/may-nuoc-nong-da-diem/
http://www.lazada.vn/phu-kien-dung-cu-nha-bep/
http://www.lazada.vn/dung-cu-phu-kien-lam-banh/
http://www.lazada.vn/dao-nha-bep/
http://www.lazada.vn/dung-cu-thiet-bi-gia-dinh/
http://www.lazada.vn/may-hut-bui/
http://www.lazada.vn/do-dung-cho-ban-an/
http://www.lazada.vn/vat-dung-dung-do-trong-nha-bep/
http://www.lazada.vn/noi-that-phong-lam-viec-tai-gia/
http://www.lazada.vn/san-pham-ve-sinh/
http://www.lazada.vn/noi-that-phong-ngu/
http://www.lazada.vn/do-dung-giat-giu/
http://www.lazada.vn/san-pham-noi-that/
http://www.lazada.vn/noi-that-phong-khach/
http://www.lazada.vn/choi-dien/
http://www.lazada.vn/noi-that-nha-bep-phong-an/
http://www.lazada.vn/do-dung-ngoai-troi-san-vuon/
http://www.lazada.vn/noi-that-cho-hanh-lang-loi-vao-van-phong/
http://www.lazada.vn/do-dung-lam-vuon/
http://www.lazada.vn/ngoai-troi-san-vuon/
http://www.lazada.vn/thiet-bi-dung-cu-dien/
http://www.lazada.vn/vat-dung-trang-tri-ngoai-troi/
http://www.lazada.vn/dung-cu-cam-tay-da-nang/
http://www.lazada.vn/tan-trang-nha-cua/
http://www.lazada.vn/den-pin-gia-dinh/
http://www.lazada.vn/thiet-bi-bao-ve-an-toan/
http://www.lazada.vn/dung-cu-dien/
http://www.lazada.vn/do-dung-ngoai-troi/
http://www.lazada.vn/cac-loai-den/
http://www.lazada.vn/tu-dung-va-sap-xep-do/
http://www.lazada.vn/do-dung-phong-ngu-gia-dinh/
http://www.lazada.vn/do-dung-phu-kien-phong-tam/
http://www.lazada.vn/san-pham-trang-tri-nha-cua/
http://www.lazada.vn/cham-soc-thu-cung/
http://www.lazada.vn/link-cac-thuong-hieu/do-gia-dung/
http://www.lazada.vn/do-gia-dung/lg/
http://www.lazada.vn/dien-gia-dung-samsung/
http://www.lazada.vn/do-gia-dung/electrolux/
http://www.lazada.vn/van-phong-pham-gia-dinh/
http://www.lazada.vn/shop-elmich/
http://www.lazada.vn/do-gia-dung/daikin/
http://www.lazada.vn/bosch/
http://www.lazada.vn/luminarc/
http://www.lazada.vn/makita/
http://www.lazada.vn/nha-cua-doi-song/panasonic/
http://www.lazada.vn/do-gia-dung/sharp/
http://www.lazada.vn/do-gia-dung/toshiba/
http://www.lazada.vn/do-gia-dung/tiross/
http://www.lazada.vn/do-gia-dung/philips-official-store/
http://www.lazada.vn/visions/
http://www.lazada.vn/dien-may-cho-lon-official-store/
http://www.lazada.vn/home-center/
http://www.lazada.vn/cham-soc-da-mat/
http://www.lazada.vn/khong-the-re-hon-hang-gia-dinh-ban-chay/
http://www.lazada.vn/cham-soc-suc-khoe-va-lam-dep/
http://www.lazada.vn/cac-loai-duong-am/
http://www.lazada.vn/sua-rua-mat/
http://www.lazada.vn/duong-da-va-serum/
http://www.lazada.vn/mat-na-dap/
http://www.lazada.vn/nuoc-hoa-hong-va-xit-khoang/
http://www.lazada.vn/san-pham-cham-soc-toc/
http://www.lazada.vn/trang-diem/
http://www.lazada.vn/cham-soc-ca-nhan/
http://www.lazada.vn/kem-chong-nang-phuc-hoi-sau-di-nang/
http://www.lazada.vn/san-pham-tam-cham-soc-co-the/
http://www.lazada.vn/bo-kit-trang-diem-va-palletes/
http://www.lazada.vn/mat/
http://www.lazada.vn/trang-diem-mat/
http://www.lazada.vn/phu-kien-trang-diem/
http://www.lazada.vn/moi/
http://www.lazada.vn/nuoc-hoa/
http://www.lazada.vn/eau-de-toilette-nam/
http://www.lazada.vn/eau-de-parfume-nu/
http://www.lazada.vn/dung-cu-cham-soc-sac-dep/
http://www.lazada.vn/mong/
http://www.lazada.vn/dung-cu-cham-soc-da/
http://www.lazada.vn/dung-cu-tay-long/
http://www.lazada.vn/cham-soc-cho-nam-gioi/
http://www.lazada.vn/may-massage-lam-thon-co-the/
http://www.lazada.vn/dung-cu-tao-kieu-toc/
http://www.lazada.vn/cham-soc-toc-nam/
http://www.lazada.vn/cham-soc-rau/
http://www.lazada.vn/cham-soc-da-va-co-the/
http://www.lazada.vn/cham-soc-suc-khoe/
http://www.lazada.vn/thuc-pham-bo-sung/
http://www.lazada.vn/thiet-bi-theo-doi-suc-khoe/
http://www.lazada.vn/thuc-pham-cho-sac-dep/
http://www.lazada.vn/thiet-bi-y-te/
http://www.lazada.vn/dinh-duong-the-thao/
http://www.lazada.vn/kiem-soat-can-nang/
http://www.lazada.vn/link-cac-thuong-hieu/cham-soc-suc-khoe-va-lam-dep/
http://www.lazada.vn/la-roche-posay/
http://www.lazada.vn/can-phan-tich-luong-mo-co-the/
http://www.lazada.vn/ho-tro-tinh-duc/
http://www.lazada.vn/cham-soc-suc-khoe-va-lam-dep/philips-official-store/
http://www.lazada.vn/nivea-viet-nam/
http://www.lazada.vn/laneige-chinh-hang/
http://www.lazada.vn/loreal-paris-vietnam/
http://www.lazada.vn/grinif-viet-nam/
http://www.lazada.vn/maybellinevietnam/
http://www.lazada.vn/rohto-mentholatum-vietnam/
http://www.lazada.vn/the-body-shop-viet-nam/
http://www.lazada.vn/cham-soc-suc-khoe-va-lam-dep/beurer/
http://www.lazada.vn/cham-soc-suc-khoe-va-lam-dep/microlife/
http://www.lazada.vn/vichy/
http://www.lazada.vn/nyx-shop/
http://www.lazada.vn/lua-chon-tu-chuyen-gia/
http://www.lazada.vn/tre-so-sinh-tre-nho/?ref=HP
http://www.lazada.vn/omron-viet-nam/
http://www.lazada.vn/gnc/
http://www.lazada.vn/ta-dung-cu-ve-sinh/
http://www.lazada.vn/ta-giay/
http://www.lazada.vn/tui-dung-ta-cho-be/
http://www.lazada.vn/ta-vai-phu-kien/
http://www.lazada.vn/xe-ghe-em-be/
http://www.lazada.vn/cham-soc-tre-so-sinh-tre-nho/
http://www.lazada.vn/xe-day-cao-cap/
http://www.lazada.vn/san-pham-diu-em-be/
http://www.lazada.vn/ghe-ngoi-o-to/
http://www.lazada.vn/do-dung-bu-sua-an-dam/
http://www.lazada.vn/binh-sua-phu-kien/
http://www.lazada.vn/thuc-an-cho-be/
http://www.lazada.vn/sua-bot-cho-be/
http://www.lazada.vn/do-dung-cho-bu/
http://www.lazada.vn/tam-cham-soc-co-the-tre-so-sinh/
http://www.lazada.vn/be-trai-6-36-thang/
http://www.lazada.vn/be-gai-6-36-thang/
http://www.lazada.vn/quan-ao-phu-kien-cho-be/
http://www.lazada.vn/do-choi-ngoai-troi-cho-be/
http://www.lazada.vn/the-thao-tro-choi-ngoai-troi/
http://www.lazada.vn/cham-soc-ba-me-mang-thai/
http://www.lazada.vn/do-choi-tro-choi/?ref=HP
http://www.lazada.vn/ti-ngam-phu-kien/
http://www.lazada.vn/quan-ao-cho-be-0-6-thang-tuoi/
http://www.lazada.vn/leu-cho-be/
http://www.lazada.vn/do-choi-dung-pin/
http://www.lazada.vn/do-choi-giao-duc-tre-em/
http://www.lazada.vn/do-choi-ky-nang-co-ban/
http://www.lazada.vn/may-bay-mo-hinh-dieu-khien-phu-kien/
http://www.lazada.vn/do-choi-bo-suu-tap-nhan-vat/
http://www.lazada.vn/do-choi-nhap-vai/
http://www.lazada.vn/do-choi-xep-hinh/
http://www.lazada.vn/do-choi-giao-duc/
http://www.lazada.vn/xe-mo-h-nh-tro-ch-i-i-u-khi-n-t-xa/
http://www.lazada.vn/do-choi-cho-tre-so-sinh-chap-chung/
http://www.lazada.vn/tham-choi/
http://www.lazada.vn/xe-mo-hinh-dieu-khien-tu-xa-pin/
http://www.lazada.vn/do-choi-bang-bong/
http://www.lazada.vn/do-choi-lap-rap-xay-dung/
http://www.lazada.vn/bup-be-nha-bup-be/
http://www.lazada.vn/thu-cong-nghe-thuat/
http://www.lazada.vn/goon/
http://www.lazada.vn/link-cac-thuong-hieu/tre-so-sinh-tre-nho/?ref=HP
http://www.lazada.vn/fisherprice/
http://www.lazada.vn/bobby/
http://www.lazada.vn/friso/
http://www.lazada.vn/huggies/
http://www.lazada.vn/medela/
http://www.lazada.vn/moony/
http://www.lazada.vn/merries/
http://www.lazada.vn/pampers/
http://www.lazada.vn/similac-chinh-hang/
http://www.lazada.vn/pediasure-chinh-hang/
http://www.lazada.vn/unimom/
http://www.lazada.vn/grow-chinh-hang/
http://www.lazada.vn/link-cac-thuong-hieu/do-choi-tro-choi/
http://www.lazada.vn/do-choi-tro-choi/intex/
http://www.lazada.vn/do-choi-tro-choi/barbie/
http://www.lazada.vn/colormate/
http://www.lazada.vn/do-choi-tro-choi/disney/
http://www.lazada.vn/win-win-toys/
http://www.lazada.vn/play-doh/
http://www.lazada.vn/lego/
http://www.lazada.vn/do-choi-tro-choi/toyroyal/
http://www.lazada.vn/may-tap-the-luc/
http://www.lazada.vn/dung-cu-de-tap-the-hinh/
http://www.lazada.vn/the-thao-da-ngoai/
http://www.lazada.vn/may-tap-the-hinh/
http://www.lazada.vn/sieu-uu-dai-qua-tang-hap-dan/
http://www.lazada.vn/nerf/
http://www.lazada.vn/yoga/
http://www.lazada.vn/ta-tap-the-hinh/
http://www.lazada.vn/phu-kien-yoga-the-hinh/
http://www.lazada.vn/pilates/
http://www.lazada.vn/bong-chuyen/
http://www.lazada.vn/bong-ro/
http://www.lazada.vn/bong-da/
http://www.lazada.vn/cac-mon-tap-luyen-doi-khang/
http://www.lazada.vn/dam-boc-vo-thuat-danh-mma/
http://www.lazada.vn/cau-ca/
http://www.lazada.vn/scooters/
http://www.lazada.vn/hoat-dong-da-ngoai/
http://www.lazada.vn/mon-xe-dap/
http://www.lazada.vn/da-ngoai-leo-nui/
http://www.lazada.vn/dung-cu-lan-binh-duong-khi-lan-ong-tho/
http://www.lazada.vn/truot-van/
http://www.lazada.vn/cac-mon-the-thao-vot/
http://www.lazada.vn/truot-bang-trong-nha/
http://www.lazada.vn/boi-loi-the-thao/
http://www.lazada.vn/tennis/
http://www.lazada.vn/giay-the-thao-cho-nam/
http://www.lazada.vn/bong-ban/
http://www.lazada.vn/cau-long/
http://www.lazada.vn/do-the-thao-nam/
http://www.lazada.vn/giay-the-thao-da-ngoai-nu/
http://www.lazada.vn/do-the-thao-nu/
http://www.lazada.vn/quan-ao-the-thao-cho-nam/
http://www.lazada.vn/quan-ao-the-thao-cho-nu/
http://www.lazada.vn/tui-xach-the-thao-phu-kien/
http://www.lazada.vn/thiet-bi-gps-theo-doi-hoat-dong/
http://www.lazada.vn/binh-nuoc-the-thao/
http://www.lazada.vn/vali-ba-lo-tui-du-lich/
http://www.lazada.vn/kinh-bao-ho-the-thao/
http://www.lazada.vn/phu-kien-the-thao/
http://www.lazada.vn/vali-du-lich/
http://www.lazada.vn/link-cac-thuong-hieu/the-thao-da-ngoai/
http://www.lazada.vn/adidas/
http://www.lazada.vn/tui-do-dung-ca-nhan-my-pham/
http://www.lazada.vn/bo-vali-du-lich/
http://www.lazada.vn/ba-lo-tui-laptop/
http://www.lazada.vn/va-li-du-lich-xach-tay/
http://www.lazada.vn/ba-lo-dung-laptop/
http://www.lazada.vn/phu-kien-du-lich/
http://www.lazada.vn/tui-cac-loai/
http://www.lazada.vn/danh-cho-tre-em/
http://www.lazada.vn/the-thao-da-ngoai/buheung-korea--buheung/
http://www.lazada.vn/the-thao-da-ngoai/butterfly/
http://www.lazada.vn/coleman/
http://www.lazada.vn/the-thao-da-ngoai/fornix/
http://www.lazada.vn/new-balance/
http://www.lazada.vn/manduka/
http://www.lazada.vn/donexpro/
http://www.lazada.vn/giant/
http://www.lazada.vn/prowin/
http://www.lazada.vn/the-thao-da-ngoai/nike/
http://www.lazada.vn/the-thao-da-ngoai/mofit/
http://www.lazada.vn/the-thao-da-ngoai/reebok/
http://www.lazada.vn/link-cac-thuong-hieu/vali-ba-lo-tui-du-lich/
http://www.lazada.vn/ricardo/
http://www.lazada.vn/eddas/
http://www.lazada.vn/fortune-mouse/
http://www.lazada.vn/shop-glado/?searchredirect=glado
http://www.lazada.vn/american-tourister/
http://www.lazada.vn/macat/
http://www.lazada.vn/kamiliant/
http://www.lazada.vn/speedo/
http://www.lazada.vn/elite/
http://www.lazada.vn/ronal/
http://www.lazada.vn/brand-sky-walker/
http://www.lazada.vn/samsonite/
http://www.lazada.vn/skyway/
http://www.lazada.vn/sakos-shop/
http://www.lazada.vn/khuyen-mai-american-tourister/
http://www.lazada.vn/xe-dap-tren-moi-neo-duong/
http://www.lazada.vn/con-mua-qua-tang-the-thao-qua-tang-hap-dan/
http://www.lazada.vn/cham-soc-o-to-xe-may/
http://www.lazada.vn/trip/
http://www.lazada.vn/thiet-bi-phu-kien-o-to-xe-may/
http://www.lazada.vn/phu-kien-ngoai-o-to-xe-may/
http://www.lazada.vn/linh-kien-thay-the-o-to-xe-may/
http://www.lazada.vn/phu-tung-them-o-to-xe-may/
http://www.lazada.vn/dau-nhot-o-to-xe-may/
http://www.lazada.vn/son-sua-o-to-xe-may/
http://www.lazada.vn/phu-kien-thiet-bi-xe-mo-to-xe-dia-hinh/
http://www.lazada.vn/phu-kien-trong-o-to-xe-may/
http://www.lazada.vn/phu-kien-xe-tai/
http://www.lazada.vn/dung-cu-thiet-bi-o-to-xe-may/
http://www.lazada.vn/banh-xe-vo-xe-o-to-xe-may/
http://www.lazada.vn/thiet-bi-dinh-vi-o-to-xe-may/
http://www.lazada.vn/do-hop-do-kho-thuc-pham-dong-goi/
http://www.lazada.vn/sua-dac-sua-bot/
http://www.lazada.vn/phu-tung-phu-kien-o-to-xe-may-khac/
http://www.lazada.vn/nau-an-lam-banh/
http://www.lazada.vn/camera-hanh-trinh-thiet-bi-dien-tu/
http://www.lazada.vn/bach-hoa-online/
http://www.lazada.vn/snack-do-an-vat/
http://www.lazada.vn/keo-socola/
http://www.lazada.vn/thuc-uong-co-con/
http://www.lazada.vn/cac-loai-do-uong/
http://www.lazada.vn/giat-giu-cham-soc-nha-cua/
http://www.lazada.vn/khuyen-mai-dich-vu/
http://www.lazada.vn/dich-vu-khuyen-mai-moi/
http://www.lazada.vn/sach-tieng-viet/
http://www.lazada.vn/spa-va-lam-dep/
http://www.lazada.vn/su-kien-khoa-hoc/
http://www.lazada.vn/sach/
http://www.lazada.vn/dich-vu-an-uong/
http://www.lazada.vn/the-nap-dien-thoai/
http://www.lazada.vn/sach-ho-tro-va-on-thi/
http://www.lazada.vn/tour-du-lich/
http://www.lazada.vn/sach-ngon-ngu-hoc-ky-nang-viet/?setLang=en
http://www.lazada.vn/sach-tieng-viet-van-hoc/
http://www.lazada.vn/thuong-thuc-doi-song-sach-tieng-viet/
http://www.lazada.vn/truyen-tranh-sach-tieng-viet/
http://www.lazada.vn/sach-tieng-anh/
http://www.lazada.vn/sach-tieng-viet-sach-cho-cha-me/
http://www.lazada.vn/sach-kinh-te-tieng-viet/
http://www.lazada.vn/tieu-thuyet-lang-man-sach-tieng-viet/
http://www.lazada.vn/sach-tham-khao-sach-tieng-viet/
http://www.lazada.vn/truyen-kinh-di-sach-tieng-viet/
http://www.lazada.vn/sach-lich-su-sach-tieng-viet/
http://www.lazada.vn/nhac-cu-moi/
http://www.lazada.vn/dan-ghi-ta/
http://www.lazada.vn/nhac-cu-woodwind/
http://www.lazada.vn/ghi-ta-bass/
http://www.lazada.vn/bo-go-trong/
http://www.lazada.vn/band-orchestra/
http://www.lazada.vn/nhac-cu-truyen-thong/
http://www.lazada.vn/phu-kien-am-nhac/
http://www.lazada.vn/keyboards-pianos/
http://www.lazada.vn/link-cac-thuong-hieu/o-to-xe-may-thiet-bi-dinh-vi/
http://www.lazada.vn/dj-karaoke-electronic-music/
http://www.lazada.vn/nhac-cu-khac/
http://www.lazada.vn/o-to-xe-may-thiet-bi-dinh-vi/honda/?ref=HP
http://www.lazada.vn/budweiser/
http://www.lazada.vn/o-to-xe-may-thiet-bi-dinh-vi/lifepro/
http://www.lazada.vn/sapporo-vietnam/
http://www.lazada.vn/o-to-xe-may-thiet-bi-dinh-vi/yamaha/?ref=HP
http://www.lazada.vn/o-to-xe-may-thiet-bi-dinh-vi/3m/
http://www.lazada.vn/o-to-xe-may-thiet-bi-dinh-vi/sonax/
http://www.lazada.vn/o-to-xe-may-thiet-bi-dinh-vi/suzuki/?ref=HP
http://www.lazada.vn/o-to-xe-may-thiet-bi-dinh-vi/piaggio/?ref=HP
http://www.lazada.vn/abbott-ensure-chinh-hang/
http://www.lazada.vn/link-cac-thuong-hieu/sach/
http://www.lazada.vn/abbott-dinh-duong-cho-nguoi-lon/
http://www.lazada.vn/nestle-vietnam/
http://www.lazada.vn/truyen-thong-am-nhac-sach/first-news/
http://www.lazada.vn/sach/phuong-nam-pnc/
http://www.lazada.vn/sach/tan-viet/
http://www.lazada.vn/truyen-thong-am-nhac-sach/stagg/
http://www.lazada.vn/truyen-thong-am-nhac-sach/yamaha/
http://www.lazada.vn/sach-tieng-viet/nha-nam/
http://www.lazada.vn/truyen-thong-am-nhac-sach/casio/
http://www.lazada.vn/nhac-cu-moi/roland/
http://www.lazada.vn/sach-tieng-viet/alphabooks/
http://www.lazada.vn/truyen-thong-am-nhac-sach/vinabook/
http://www.lazada.vn/nhac-cu-moi/alice/
http://www.lazada.vn/giam-can-ngoai/
http://www.lazada.vn/nhac-cu-moi/hohner/
http://www.lazada.vn/hoc-tieng-anh-that-de/
http://www.lazada.vn/khuyen-mai/
http://www.lazada.vn/khong-the-re-hon-duoi-199000/
http://www.lazada.vn/hang-nhap-khau/
http://www.lazada.vn/khuyen-mai-xe-may-cung-ngan-hang/
http://www.lazada.vn/tra-gop-0-phan-tram/
http://www.lazada.vn/khuyen-mai/ngan-hang/
http://www.lazada.vn/khuyen-mai-flash-sale/
http://www.lazada.vn/deal-gia-soc/
http://www.lazada.vn/san-pham-moi/
http://www.lazada.vn/hsbc-uu-dai-the-thanh-toan-quoc-te/
http://www.lazada.vn/balo-dong-gia-349000/
http://www.lazada.vn/the-gioi-trang-suc-hang-moi-ve/
http://www.lazada.vn/samsung-galaxy-gift-app/
http://www.lazada.vn/citibank
http://www.lazada.vn/xa-hang-phut-chot-san-pham-hot/
http://www.lazada.vn/bidv
http://www.lazada.vn/123pay
http://www.lazada.vn/vpbank/
http://www.lazada.vn/khuyen-mai-vinaphone/
http://www.lazada.vn/camera-hot-chinh-hang-tu-canon/
http://www.lazada.vn/phu-kien-the-thao-thuong-hieu-quoc-te-nike/
http://www.lazada.vn/vui-he-cung-gia-dinh/
http://www.lazada.vn/uma/
http://www.lazada.vn/deal-noi-bat/
http://www.lazada.vn/dien-may-tran-anh-official-store/
http://www.lazada.vn/acer/
http://www.lazada.vn/arirang/
http://www.lazada.vn/asanzo/
http://www.lazada.vn/uu-dai-khach-hang-moi/
http://www.lazada.vn/bose-vietnam/
http://www.lazada.vn/bitis/
http://www.lazada.vn/casio/
http://www.lazada.vn/American-Tourister
http://www.lazada.vn/elmich/
http://www.lazada.vn/electrolux/
http://www.lazada.vn/citizen
http://www.lazada.vn/may-quay-phim/gopro/
http://www.lazada.vn/dao-cao-rau-gillette/
http://www.lazada.vn/harman/
http://www.lazada.vn/honda/
http://www.lazada.vn/flash-plus-2/
http://www.lazada.vn/kangaroo/
http://www.lazada.vn/glado
http://www.lazada.vn/do-gia-dung/aqua/
http://www.lazada.vn/Elizabeth
http://www.lazada.vn/kingston/
http://www.lazada.vn/magic/?nguon-song-viet
http://www.lazada.vn/the-nho-micro-sd/
http://www.lazada.vn/laneige-chinh-hang/?ref=HP
http://www.lazada.vn/logitech/
http://www.lazada.vn/oppo/
http://www.lazada.vn/loreal-paris-vietnam
http://www.lazada.vn/olympus/
http://www.lazada.vn/panasonic/
http://www.lazada.vn/reebok/
http://www.lazada.vn/nike
http://www.lazada.vn/nintendo
http://www.lazada.vn/philips-official-store/
http://www.lazada.vn/soundmax/
http://www.lazada.vn/sandisk/
http://www.lazada.vn/sharp/
http://www.lazada.vn/rayban
http://www.lazada.vn/suntek/
http://www.lazada.vn/tiross/
http://www.lazada.vn/Samsonite
http://www.lazada.vn/toshiba/
http://www.lazada.vn/tp-link/
http://www.lazada.vn/worldkitchen/visions/
http://www.lazada.vn/uwatch/
http://www.lazada.vn/vichy-viet-nam/
http://www.lazada.vn/yamaha/
http://www.lazada.vn/visa/
http://www.lazada.vn/trip
http://www.lazada.vn/may-cao-rau-philips-aqua-touch-s5070/
http://www.lazada.vn/Toldo
http://www.lazada.vn/friso-chinh-hang/
http://www.lazada.vn/gia-cong-pha/
http://www.lazada.vn/infinix-back-to-school/
http://www.lazada.vn/le-hoi-mua-sam-lazada-app/
http://www.lazada.vn/Triumph
http://www.lazada.vn/cham-soc-cho-nam-gioi/?rohto-mentholatum-vietnam
http://www.lazada.vn/hoi-an-gift-shop-cham-soc-nam-gioi/
http://www.lazada.vn/cham-soc-da-mat/?rohto-mentholatum-vietnam
http://www.lazada.vn/nha-cua-doi-song-khuyen-mai/
http://www.lazada.vn/friso-gold-milk/
http://www.lazada.vn/bo-2-dau-goi-ngan-rung-toc-megumi-175g-1-dau-xa-ngan-rung-tocmegumi-130g-2-tinh-chat-ngan-rung-toc-megumi-50ml-tang-1-kem-ruamat-duong-chong-lao-hoa-hada-labo-pro-anti-aging-cleanser-80g-va-1kem-duong-hada-labo-pro-anti-aging-cream-50g-1874541.html
http://www.lazada.vn/bo-san-pham-duong-trang-da-toi-uu-hada-labo-tang-1-tinh-chat-duong-trang-toi-uu-hada-labo-perfect-white-essence-30g-1893656.html
http://www.lazada.vn/bo-san-pham-duong-da-chong-nang-sunplay-tang-1-sua-chong-nang-duong-da-trang-dep-sunplay-whitening-uv-spf-50-pa-30g-1874551.html
http://www.lazada.vn/bo-1-son-li-sieu-min-lip-on-lip-silky-matte-violet-pink-22g-hong-tim-va-1-son-li-sieu-min-lip-on-lip-silky-matte-orangy-pink-22g-hong-cam-tang-1-son-li-sieu-min-lip-on-lip-silky-matte-neon-orange-22g-cam-ruc-ro-1874537.html
Executing (default): INSERT INTO `products` (`id`,`code`,`title`,`brand`,`description`,`price`,`old_price`,`currency`,`created_at`,`updated_at`) VALUES (DEFAULT,'1874541','Bộ 2 dầu gội ngăn rụng tóc Megumi 175g + 1 dầu xả ngăn rụng tóc Megumi 130g + 2 tinh chất ngăn rụng tóc Megumi 50ml (Tặng 1 kem rửa mặt dưỡng chống lão hóa Hada Labo Pro Anti Aging Cleanser 80g và 1 kem dưỡng Hada Labo Pro Anti Aging Cream 50g)','Megumi','Dầu gội ngăn rụng từ chân tóc; giúp tóc phát triển; dưỡng tóc chắc khỏe.Dầu xả Dưỡng tóc dày; chắc khỏe; mượt mà; ngăn gãy rụngThành phần thảo dược hữu hiệu; dịu nhẹ; tinh khiết và an toànKhông chứa Silicone và SulfateTinh chất ngăn rụng tóc có hàm lượng dưỡng chất cao giúp tóc phát triển chắc khỏeThành phần thảo dược hữu hiệu; dịu nhẹ; tinh khiết và an toànNgăn rụng tóc; giúp tóc phát triển; nuôi dưỡng tóc dày; bồng bềnh',666000,739000,'VND','2016-10-06 17:00:03','2016-10-06 17:00:03');
Executing (default): INSERT INTO `products` (`id`,`code`,`title`,`brand`,`description`,`price`,`old_price`,`currency`,`created_at`,`updated_at`) VALUES (DEFAULT,'1893656','Bộ sản phẩm dưỡng trắng da tối ưu Hada Labo + Tặng 1 tinh chất dưỡng trắng tối ưu Hada Labo Perfect White Essence 30g','Hada Labo','Nhập mã ROSEPT20 giảm ngay 20%Chương trình áp dụng từ ngày 19/09/2016 đến 30/09/2016 hoặc đến khi hết voucherPhù hợp với mọi loại daDưỡng trắng daLàm sạch dịu nhẹ; dưỡng da trắng mịnCung cấp độ ẩm cho da mềm mịn và mượt mà',442000,503000,'VND','2016-10-06 17:00:04','2016-10-06 17:00:04');
Executing (default): INSERT INTO `products` (`id`,`code`,`title`,`brand`,`description`,`price`,`old_price`,`currency`,`created_at`,`updated_at`) VALUES (DEFAULT,'1874551','Bộ sản phẩm dưỡng da chống năng Sunplay + Tặng 1 sữa chống nắng dưỡng da trắng đẹp Sunplay Whitening UV SPF 50 PA++++ 30g','Sunplay','Chống nắng hiệu quả với SPF 50+; PA +++Hệ dưỡng ưu việt: Collagen; Hyaluronic Acid; Amino Acid duy trì làn da ẩm mượt; tươi sángDùng hằng ngày cho mặt hoặc toàn thânCó thể dùng làm lớp lót trang điểm',226000,268000,'VND','2016-10-06 17:00:04','2016-10-06 17:00:04');
{ dataValues: 
   { id: 231,
     code: '1874541',
     title: 'Bộ 2 dầu gội ngăn rụng tóc Megumi 175g + 1 dầu xả ngăn rụng tóc Megumi 130g + 2 tinh chất ngăn rụng tóc Megumi 50ml (Tặng 1 kem rửa mặt dưỡng chống lão hóa Hada Labo Pro Anti Aging Cleanser 80g và 1 kem dưỡng Hada Labo Pro Anti Aging Cream 50g)',
     brand: 'Megumi',
     description: 'Dầu gội ngăn rụng từ chân tóc; giúp tóc phát triển; dưỡng tóc chắc khỏe.Dầu xả Dưỡng tóc dày; chắc khỏe; mượt mà; ngăn gãy rụngThành phần thảo dược hữu hiệu; dịu nhẹ; tinh khiết và an toànKhông chứa Silicone và SulfateTinh chất ngăn rụng tóc có hàm lượng dưỡng chất cao giúp tóc phát triển chắc khỏeThành phần thảo dược hữu hiệu; dịu nhẹ; tinh khiết và an toànNgăn rụng tóc; giúp tóc phát triển; nuôi dưỡng tóc dày; bồng bềnh',
     price: 666000,
     oldPrice: 739000,
     currency: 'VND',
     updated_at: Fri Oct 07 2016 00:00:03 GMT+0700 (ICT),
     created_at: Fri Oct 07 2016 00:00:03 GMT+0700 (ICT) },
  _previousDataValues: 
   { code: '1874541',
     title: 'Bộ 2 dầu gội ngăn rụng tóc Megumi 175g + 1 dầu xả ngăn rụng tóc Megumi 130g + 2 tinh chất ngăn rụng tóc Megumi 50ml (Tặng 1 kem rửa mặt dưỡng chống lão hóa Hada Labo Pro Anti Aging Cleanser 80g và 1 kem dưỡng Hada Labo Pro Anti Aging Cream 50g)',
     brand: 'Megumi',
     description: 'Dầu gội ngăn rụng từ chân tóc; giúp tóc phát triển; dưỡng tóc chắc khỏe.Dầu xả Dưỡng tóc dày; chắc khỏe; mượt mà; ngăn gãy rụngThành phần thảo dược hữu hiệu; dịu nhẹ; tinh khiết và an toànKhông chứa Silicone và SulfateTinh chất ngăn rụng tóc có hàm lượng dưỡng chất cao giúp tóc phát triển chắc khỏeThành phần thảo dược hữu hiệu; dịu nhẹ; tinh khiết và an toànNgăn rụng tóc; giúp tóc phát triển; nuôi dưỡng tóc dày; bồng bềnh',
     price: 666000,
     oldPrice: 739000,
     currency: 'VND',
     id: 231,
     created_at: Fri Oct 07 2016 00:00:03 GMT+0700 (ICT),
     updated_at: Fri Oct 07 2016 00:00:03 GMT+0700 (ICT),
     deleted_at: undefined },
  _changed: 
   { code: false,
     title: false,
     brand: false,
     description: false,
     price: false,
     oldPrice: false,
     currency: false,
     id: false,
     created_at: false,
     updated_at: false,
     deleted_at: false },
  '$modelOptions': 
   { timestamps: true,
     instanceMethods: {},
     classMethods: { associate: [Function] },
     validate: {},
     freezeTableName: false,
     underscored: true,
     underscoredAll: false,
     paranoid: true,
     rejectOnEmpty: false,
     whereCollection: null,
     schema: null,
     schemaDelimiter: '',
     defaultScope: {},
     scopes: [],
     hooks: {},
     indexes: [],
     name: { plural: 'Products', singular: 'Product' },
     omitNul: false,
     tableName: 'products',
     sequelize: 
      { options: [Object],
        config: [Object],
        dialect: [Object],
        models: [Object],
        modelManager: [Object],
        connectionManager: [Object],
        importCache: [Object],
        test: [Object],
        queryInterface: [Object] },
     uniqueKeys: {},
     hasPrimaryKeys: true },
  '$options': 
   { isNewRecord: true,
     '$schema': null,
     '$schemaDelimiter': '',
     attributes: undefined,
     include: undefined,
     raw: undefined,
     silent: undefined },
  hasPrimaryKeys: true,
  __eagerlyLoadedAssociations: [],
  isNewRecord: false }
http://www.lazada.vn/catalog/?q=sua+bot+friso
http://www.lazada.vn/moi/?rohto-mentholatum-vietnam
http://www.lazada.vn/catalog/?q=friso+mom
{ dataValues: 
   { id: 232,
     code: '1893656',
     title: 'Bộ sản phẩm dưỡng trắng da tối ưu Hada Labo + Tặng 1 tinh chất dưỡng trắng tối ưu Hada Labo Perfect White Essence 30g',
     brand: 'Hada Labo',
     description: 'Nhập mã ROSEPT20 giảm ngay 20%Chương trình áp dụng từ ngày 19/09/2016 đến 30/09/2016 hoặc đến khi hết voucherPhù hợp với mọi loại daDưỡng trắng daLàm sạch dịu nhẹ; dưỡng da trắng mịnCung cấp độ ẩm cho da mềm mịn và mượt mà',
     price: 442000,
     oldPrice: 503000,
     currency: 'VND',
     updated_at: Fri Oct 07 2016 00:00:04 GMT+0700 (ICT),
     created_at: Fri Oct 07 2016 00:00:04 GMT+0700 (ICT) },
  _previousDataValues: 
   { code: '1893656',
     title: 'Bộ sản phẩm dưỡng trắng da tối ưu Hada Labo + Tặng 1 tinh chất dưỡng trắng tối ưu Hada Labo Perfect White Essence 30g',
     brand: 'Hada Labo',
     description: 'Nhập mã ROSEPT20 giảm ngay 20%Chương trình áp dụng từ ngày 19/09/2016 đến 30/09/2016 hoặc đến khi hết voucherPhù hợp với mọi loại daDưỡng trắng daLàm sạch dịu nhẹ; dưỡng da trắng mịnCung cấp độ ẩm cho da mềm mịn và mượt mà',
     price: 442000,
     oldPrice: 503000,
     currency: 'VND',
     id: 232,
     created_at: Fri Oct 07 2016 00:00:04 GMT+0700 (ICT),
     updated_at: Fri Oct 07 2016 00:00:04 GMT+0700 (ICT),
     deleted_at: undefined },
  _changed: 
   { code: false,
     title: false,
     brand: false,
     description: false,
     price: false,
     oldPrice: false,
     currency: false,
     id: false,
     created_at: false,
     updated_at: false,
     deleted_at: false },
  '$modelOptions': 
   { timestamps: true,
     instanceMethods: {},
     classMethods: { associate: [Function] },
     validate: {},
     freezeTableName: false,
     underscored: true,
     underscoredAll: false,
     paranoid: true,
     rejectOnEmpty: false,
     whereCollection: null,
     schema: null,
     schemaDelimiter: '',
     defaultScope: {},
     scopes: [],
     hooks: {},
     indexes: [],
     name: { plural: 'Products', singular: 'Product' },
     omitNul: false,
     tableName: 'products',
     sequelize: 
      { options: [Object],
        config: [Object],
        dialect: [Object],
        models: [Object],
        modelManager: [Object],
        connectionManager: [Object],
        importCache: [Object],
        test: [Object],
        queryInterface: [Object] },
     uniqueKeys: {},
     hasPrimaryKeys: true },
  '$options': 
   { isNewRecord: true,
     '$schema': null,
     '$schemaDelimiter': '',
     attributes: undefined,
     include: undefined,
     raw: undefined,
     silent: undefined },
  hasPrimaryKeys: true,
  __eagerlyLoadedAssociations: [],
  isNewRecord: false }
{ dataValues: 
   { id: 233,
     code: '1874551',
     title: 'Bộ sản phẩm dưỡng da chống năng Sunplay + Tặng 1 sữa chống nắng dưỡng da trắng đẹp Sunplay Whitening UV SPF 50 PA++++ 30g',
     brand: 'Sunplay',
     description: 'Chống nắng hiệu quả với SPF 50+; PA +++Hệ dưỡng ưu việt: Collagen; Hyaluronic Acid; Amino Acid duy trì làn da ẩm mượt; tươi sángDùng hằng ngày cho mặt hoặc toàn thânCó thể dùng làm lớp lót trang điểm',
     price: 226000,
     oldPrice: 268000,
     currency: 'VND',
     updated_at: Fri Oct 07 2016 00:00:04 GMT+0700 (ICT),
     created_at: Fri Oct 07 2016 00:00:04 GMT+0700 (ICT) },
  _previousDataValues: 
   { code: '1874551',
     title: 'Bộ sản phẩm dưỡng da chống năng Sunplay + Tặng 1 sữa chống nắng dưỡng da trắng đẹp Sunplay Whitening UV SPF 50 PA++++ 30g',
     brand: 'Sunplay',
     description: 'Chống nắng hiệu quả với SPF 50+; PA +++Hệ dưỡng ưu việt: Collagen; Hyaluronic Acid; Amino Acid duy trì làn da ẩm mượt; tươi sángDùng hằng ngày cho mặt hoặc toàn thânCó thể dùng làm lớp lót trang điểm',
     price: 226000,
     oldPrice: 268000,
     currency: 'VND',
     id: 233,
     created_at: Fri Oct 07 2016 00:00:04 GMT+0700 (ICT),
     updated_at: Fri Oct 07 2016 00:00:04 GMT+0700 (ICT),
     deleted_at: undefined },
  _changed: 
   { code: false,
     title: false,
     brand: false,
     description: false,
     price: false,
     oldPrice: false,
     currency: false,
     id: false,
     created_at: false,
     updated_at: false,
     deleted_at: false },
  '$modelOptions': 
   { timestamps: true,
     instanceMethods: {},
     classMethods: { associate: [Function] },
     validate: {},
     freezeTableName: false,
     underscored: true,
     underscoredAll: false,
     paranoid: true,
     rejectOnEmpty: false,
     whereCollection: null,
     schema: null,
     schemaDelimiter: '',
     defaultScope: {},
     scopes: [],
     hooks: {},
     indexes: [],
     name: { plural: 'Products', singular: 'Product' },
     omitNul: false,
     tableName: 'products',
     sequelize: 
      { options: [Object],
        config: [Object],
        dialect: [Object],
        models: [Object],
        modelManager: [Object],
        connectionManager: [Object],
        importCache: [Object],
        test: [Object],
        queryInterface: [Object] },
     uniqueKeys: {},
     hasPrimaryKeys: true },
  '$options': 
   { isNewRecord: true,
     '$schema': null,
     '$schemaDelimiter': '',
     attributes: undefined,
     include: undefined,
     raw: undefined,
     silent: undefined },
  hasPrimaryKeys: true,
  __eagerlyLoadedAssociations: [],
  isNewRecord: false }
http://www.lazada.vn/may-tinh-bang-samsung/
http://www.lazada.vn/catalog/?q=friso+gold+3
http://www.lazada.vn/bo-1-kem-rua-mat-rua-sach-sau-tut-sang-cho-nam-oxy-deep-wash-100g-va-1-sua-tam-tac-dong-sau-nam-oxy-deep-shower-500ml-tang-1-dau-goi-tac-dong-sau-cho-nam-oxy-deep-shampoo-180ml-1874553.html
http://www.lazada.vn/dien-thoai-samsung/
Executing (default): INSERT INTO `products` (`id`,`code`,`title`,`brand`,`description`,`price`,`old_price`,`currency`,`created_at`,`updated_at`) VALUES (DEFAULT,'1874553','Bộ 1 kem rửa mặt rửa sạch sâu tút sáng cho nam Oxy Deep Wash 100g và 1 Sữa tắm tác động sâu nam Oxy Deep Shower 500ml + Tặng 1 dầu gội tác động sâu cho nam Oxy Deep Shampoo 180ml','Oxy','Tút sáng làn daDa mịn; mượt màThu nhỏ lỗ chân lôngPhù hợp cho: da thường; da thô rápLàm sạch daCân bằng độ ẩm',141000,171000,'VND','2016-10-06 17:00:06','2016-10-06 17:00:06');
{ dataValues: 
   { id: 234,
     code: '1874553',
     title: 'Bộ 1 kem rửa mặt rửa sạch sâu tút sáng cho nam Oxy Deep Wash 100g và 1 Sữa tắm tác động sâu nam Oxy Deep Shower 500ml + Tặng 1 dầu gội tác động sâu cho nam Oxy Deep Shampoo 180ml',
     brand: 'Oxy',
     description: 'Tút sáng làn daDa mịn; mượt màThu nhỏ lỗ chân lôngPhù hợp cho: da thường; da thô rápLàm sạch daCân bằng độ ẩm',
     price: 141000,
     oldPrice: 171000,
     currency: 'VND',
     updated_at: Fri Oct 07 2016 00:00:06 GMT+0700 (ICT),
     created_at: Fri Oct 07 2016 00:00:06 GMT+0700 (ICT) },
  _previousDataValues: 
   { code: '1874553',
     title: 'Bộ 1 kem rửa mặt rửa sạch sâu tút sáng cho nam Oxy Deep Wash 100g và 1 Sữa tắm tác động sâu nam Oxy Deep Shower 500ml + Tặng 1 dầu gội tác động sâu cho nam Oxy Deep Shampoo 180ml',
     brand: 'Oxy',
     description: 'Tút sáng làn daDa mịn; mượt màThu nhỏ lỗ chân lôngPhù hợp cho: da thường; da thô rápLàm sạch daCân bằng độ ẩm',
     price: 141000,
     oldPrice: 171000,
     currency: 'VND',
     id: 234,
     created_at: Fri Oct 07 2016 00:00:06 GMT+0700 (ICT),
     updated_at: Fri Oct 07 2016 00:00:06 GMT+0700 (ICT),
     deleted_at: undefined },
  _changed: 
   { code: false,
     title: false,
     brand: false,
     description: false,
     price: false,
     oldPrice: false,
     currency: false,
     id: false,
     created_at: false,
     updated_at: false,
     deleted_at: false },
  '$modelOptions': 
   { timestamps: true,
     instanceMethods: {},
     classMethods: { associate: [Function] },
     validate: {},
     freezeTableName: false,
     underscored: true,
     underscoredAll: false,
     paranoid: true,
     rejectOnEmpty: false,
     whereCollection: null,
     schema: null,
     schemaDelimiter: '',
     defaultScope: {},
     scopes: [],
     hooks: {},
     indexes: [],
     name: { plural: 'Products', singular: 'Product' },
     omitNul: false,
     tableName: 'products',
     sequelize: 
      { options: [Object],
        config: [Object],
        dialect: [Object],
        models: [Object],
        modelManager: [Object],
        connectionManager: [Object],
        importCache: [Object],
        test: [Object],
        queryInterface: [Object] },
     uniqueKeys: {},
     hasPrimaryKeys: true },
  '$options': 
   { isNewRecord: true,
     '$schema': null,
     '$schemaDelimiter': '',
     attributes: undefined,
     include: undefined,
     raw: undefined,
     silent: undefined },
  hasPrimaryKeys: true,
  __eagerlyLoadedAssociations: [],
  isNewRecord: false }
http://www.lazada.vn/tivi-samsung/?skus[]=SA937ELAA1EIDNVNAMZ&amp;skus[]=SA937ELAA1EIEBVNAMZ&amp;skus[]=SA937ELAA1EIENVNAMZ&amp;skus[]=SA937ELAA1EIEUVNAMZ&amp;skus[]=SA937ELAA1EIEWVNAMZ&amp;skus[]=SA937ELAA1EICXVNAMZ
http://www.lazada.vn/ngay-hoi-samsung-777/
http://www.lazada.vn/audio-samsung/
http://www.lazada.vn/catalog/?q=friso+gold+4
http://www.lazada.vn/ta-dan-huggies/
http://www.lazada.vn/tv-video-am-thanh-game-thiet-bi-so/samsung/?price=95000-10000000
http://www.lazada.vn/mieng-lot-so-sinh-huggies/
http://www.lazada.vn/phu-kien-dien-thoai-may-tinh-bang/samsung/
http://www.lazada.vn/may-vi-tinh-laptop/samsung/
http://www.lazada.vn/thiet-bi-loa-di-dong/?bose-vietnam
http://www.lazada.vn/ta-quan-huggies/
http://www.lazada.vn/ta-quan-cao-cap-huggies-gold/
http://www.lazada.vn/cac-loai-tai-nghe/?bose-vietnam
http://www.lazada.vn/khong-the-re-hon-hang-dien-tu-ban-chay/?bose-vietnam
http://www.lazada.vn/he-thong-giai-tri-cho-tai-gia/?bose-vietnam
http://www.lazada.vn/loa-may-tinh/?bose-vietnam
http://www.lazada.vn/sandisk-vietnam/
http://www.lazada.vn/thiet-bi-cham-soc-quan-ao/philips-official-store/
http://www.lazada.vn/usb-sandisk-ixpand-ix30-lightning-connector-usb-30-16gbnbspbac-2152837.html
Executing (default): INSERT INTO `products` (`id`,`code`,`title`,`brand`,`description`,`price`,`old_price`,`currency`,`created_at`,`updated_at`) VALUES (DEFAULT,'2152837','USB SanDisk iXpand IX30 Lightning Connector USB 3.0 16GB (Bạc) - Hãng phân phối chính thức','Sandisk','Dung lượng lưu trữ 16GBUSB 3.0 với tốc độ truyền tải cực caoTích hợp cùng lúc cả đầu cắm Lightning và đầu cắm USB 3.0Bảo vệ dữ liệu an toàn bằng hệ thống mã hóaTương thích với mọi loại vỏ bảo vệ iPhone',999000,1499000,'VND','2016-10-06 17:00:11','2016-10-06 17:00:11');
http://www.lazada.vn/dung-cu-cham-soc-sac-dep/philips-official-store/
http://www.lazada.vn/o-cung-ssd-sandisk/
http://www.lazada.vn/the-nho-microsd-sandisk/
http://www.lazada.vn/usb-sandisk-cruzer-edge-16gb-xanh-duong-2238836.html
http://www.lazada.vn/usb-sandisk-cruzer-switch-cz52-16gb-den-phoi-do-1245208.html
http://www.lazada.vn/usb-sandisk/
Executing (default): INSERT INTO `products` (`id`,`code`,`title`,`brand`,`description`,`price`,`old_price`,`currency`,`created_at`,`updated_at`) VALUES (DEFAULT,'2238836','USB SanDisk Cruzer Edge 16GB (Xanh dương) - Hãng phân phối chính thức','Sandisk','Sản phẩm thương hiệu MỹNhiều tính năng bảo mật an toànDung lượng lưu trữ lên đến 16GBThiết kế dạng trượt nhỏ gọn và tiện dụngSao lưu dữ liệu nhanh chóng với thao tác kéo thả',89000,129000,'VND','2016-10-06 17:00:11','2016-10-06 17:00:11');
Executing (default): INSERT INTO `products` (`id`,`code`,`title`,`brand`,`description`,`price`,`old_price`,`currency`,`created_at`,`updated_at`) VALUES (DEFAULT,'1245208','USB Sandisk Cruzer Switch CZ52 16GB (Đen phối đỏ) - Hãng phânphốichính thức','Sandisk','Thương hiệu MỹDung lượng 16GBTốc độ truyền dữ liệu 20Mb/sThiết kế thông minh',109000,179000,'VND','2016-10-06 17:00:11','2016-10-06 17:00:11');
{ dataValues: 
   { id: 235,
     code: '2152837',
     title: 'USB SanDisk iXpand IX30 Lightning Connector USB 3.0 16GB (Bạc) - Hãng phân phối chính thức',
     brand: 'Sandisk',
     description: 'Dung lượng lưu trữ 16GBUSB 3.0 với tốc độ truyền tải cực caoTích hợp cùng lúc cả đầu cắm Lightning và đầu cắm USB 3.0Bảo vệ dữ liệu an toàn bằng hệ thống mã hóaTương thích với mọi loại vỏ bảo vệ iPhone',
     price: 999000,
     oldPrice: 1499000,
     currency: 'VND',
     updated_at: Fri Oct 07 2016 00:00:11 GMT+0700 (ICT),
     created_at: Fri Oct 07 2016 00:00:11 GMT+0700 (ICT) },
  _previousDataValues: 
   { code: '2152837',
     title: 'USB SanDisk iXpand IX30 Lightning Connector USB 3.0 16GB (Bạc) - Hãng phân phối chính thức',
     brand: 'Sandisk',
     description: 'Dung lượng lưu trữ 16GBUSB 3.0 với tốc độ truyền tải cực caoTích hợp cùng lúc cả đầu cắm Lightning và đầu cắm USB 3.0Bảo vệ dữ liệu an toàn bằng hệ thống mã hóaTương thích với mọi loại vỏ bảo vệ iPhone',
     price: 999000,
     oldPrice: 1499000,
     currency: 'VND',
     id: 235,
     created_at: Fri Oct 07 2016 00:00:11 GMT+0700 (ICT),
     updated_at: Fri Oct 07 2016 00:00:11 GMT+0700 (ICT),
     deleted_at: undefined },
  _changed: 
   { code: false,
     title: false,
     brand: false,
     description: false,
     price: false,
     oldPrice: false,
     currency: false,
     id: false,
     created_at: false,
     updated_at: false,
     deleted_at: false },
  '$modelOptions': 
   { timestamps: true,
     instanceMethods: {},
     classMethods: { associate: [Function] },
     validate: {},
     freezeTableName: false,
     underscored: true,
     underscoredAll: false,
     paranoid: true,
     rejectOnEmpty: false,
     whereCollection: null,
     schema: null,
     schemaDelimiter: '',
     defaultScope: {},
     scopes: [],
     hooks: {},
     indexes: [],
     name: { plural: 'Products', singular: 'Product' },
     omitNul: false,
     tableName: 'products',
     sequelize: 
      { options: [Object],
        config: [Object],
        dialect: [Object],
        models: [Object],
        modelManager: [Object],
        connectionManager: [Object],
        importCache: [Object],
        test: [Object],
        queryInterface: [Object] },
     uniqueKeys: {},
     hasPrimaryKeys: true },
  '$options': 
   { isNewRecord: true,
     '$schema': null,
     '$schemaDelimiter': '',
     attributes: undefined,
     include: undefined,
     raw: undefined,
     silent: undefined },
  hasPrimaryKeys: true,
  __eagerlyLoadedAssociations: [],
  isNewRecord: false }
{ dataValues: 
   { id: 236,
     code: '2238836',
     title: 'USB SanDisk Cruzer Edge 16GB (Xanh dương) - Hãng phân phối chính thức',
     brand: 'Sandisk',
     description: 'Sản phẩm thương hiệu MỹNhiều tính năng bảo mật an toànDung lượng lưu trữ lên đến 16GBThiết kế dạng trượt nhỏ gọn và tiện dụngSao lưu dữ liệu nhanh chóng với thao tác kéo thả',
     price: 89000,
     oldPrice: 129000,
     currency: 'VND',
     updated_at: Fri Oct 07 2016 00:00:11 GMT+0700 (ICT),
     created_at: Fri Oct 07 2016 00:00:11 GMT+0700 (ICT) },
  _previousDataValues: 
   { code: '2238836',
     title: 'USB SanDisk Cruzer Edge 16GB (Xanh dương) - Hãng phân phối chính thức',
     brand: 'Sandisk',
     description: 'Sản phẩm thương hiệu MỹNhiều tính năng bảo mật an toànDung lượng lưu trữ lên đến 16GBThiết kế dạng trượt nhỏ gọn và tiện dụngSao lưu dữ liệu nhanh chóng với thao tác kéo thả',
     price: 89000,
     oldPrice: 129000,
     currency: 'VND',
     id: 236,
     created_at: Fri Oct 07 2016 00:00:11 GMT+0700 (ICT),
     updated_at: Fri Oct 07 2016 00:00:11 GMT+0700 (ICT),
     deleted_at: undefined },
  _changed: 
   { code: false,
     title: false,
     brand: false,
     description: false,
     price: false,
     oldPrice: false,
     currency: false,
     id: false,
     created_at: false,
     updated_at: false,
     deleted_at: false },
  '$modelOptions': 
   { timestamps: true,
     instanceMethods: {},
     classMethods: { associate: [Function] },
     validate: {},
     freezeTableName: false,
     underscored: true,
     underscoredAll: false,
     paranoid: true,
     rejectOnEmpty: false,
     whereCollection: null,
     schema: null,
     schemaDelimiter: '',
     defaultScope: {},
     scopes: [],
     hooks: {},
     indexes: [],
     name: { plural: 'Products', singular: 'Product' },
     omitNul: false,
     tableName: 'products',
     sequelize: 
      { options: [Object],
        config: [Object],
        dialect: [Object],
        models: [Object],
        modelManager: [Object],
        connectionManager: [Object],
        importCache: [Object],
        test: [Object],
        queryInterface: [Object] },
     uniqueKeys: {},
     hasPrimaryKeys: true },
  '$options': 
   { isNewRecord: true,
     '$schema': null,
     '$schemaDelimiter': '',
     attributes: undefined,
     include: undefined,
     raw: undefined,
     silent: undefined },
  hasPrimaryKeys: true,
  __eagerlyLoadedAssociations: [],
  isNewRecord: false }
http://www.lazada.vn/tre-so-sinh-tre-nho/philips-official-store/
http://www.lazada.vn/cham-soc-cho-nam-gioi/philips-official-store/
http://www.lazada.vn/o-luu-tru-di-dong-sandisk/
http://www.lazada.vn/do-gia-dung-nha-bep/philips-official-store/
{ dataValues: 
   { id: 237,
     code: '1245208',
     title: 'USB Sandisk Cruzer Switch CZ52 16GB (Đen phối đỏ) - Hãng phânphốichính thức',
     brand: 'Sandisk',
     description: 'Thương hiệu MỹDung lượng 16GBTốc độ truyền dữ liệu 20Mb/sThiết kế thông minh',
     price: 109000,
     oldPrice: 179000,
     currency: 'VND',
     updated_at: Fri Oct 07 2016 00:00:11 GMT+0700 (ICT),
     created_at: Fri Oct 07 2016 00:00:11 GMT+0700 (ICT) },
  _previousDataValues: 
   { code: '1245208',
     title: 'USB Sandisk Cruzer Switch CZ52 16GB (Đen phối đỏ) - Hãng phânphốichính thức',
     brand: 'Sandisk',
     description: 'Thương hiệu MỹDung lượng 16GBTốc độ truyền dữ liệu 20Mb/sThiết kế thông minh',
     price: 109000,
     oldPrice: 179000,
     currency: 'VND',
     id: 237,
     created_at: Fri Oct 07 2016 00:00:11 GMT+0700 (ICT),
     updated_at: Fri Oct 07 2016 00:00:11 GMT+0700 (ICT),
     deleted_at: undefined },
  _changed: 
   { code: false,
     title: false,
     brand: false,
     description: false,
     price: false,
     oldPrice: false,
     currency: false,
     id: false,
     created_at: false,
     updated_at: false,
     deleted_at: false },
  '$modelOptions': 
   { timestamps: true,
     instanceMethods: {},
     classMethods: { associate: [Function] },
     validate: {},
     freezeTableName: false,
     underscored: true,
     underscoredAll: false,
     paranoid: true,
     rejectOnEmpty: false,
     whereCollection: null,
     schema: null,
     schemaDelimiter: '',
     defaultScope: {},
     scopes: [],
     hooks: {},
     indexes: [],
     name: { plural: 'Products', singular: 'Product' },
     omitNul: false,
     tableName: 'products',
     sequelize: 
      { options: [Object],
        config: [Object],
        dialect: [Object],
        models: [Object],
        modelManager: [Object],
        connectionManager: [Object],
        importCache: [Object],
        test: [Object],
        queryInterface: [Object] },
     uniqueKeys: {},
     hasPrimaryKeys: true },
  '$options': 
   { isNewRecord: true,
     '$schema': null,
     '$schemaDelimiter': '',
     attributes: undefined,
     include: undefined,
     raw: undefined,
     silent: undefined },
  hasPrimaryKeys: true,
  __eagerlyLoadedAssociations: [],
  isNewRecord: false }
http://www.lazada.vn/thiet-bi-am-thanh-di-dong/philips/
http://www.lazada.vn/bong-den-philips/
http://www.lazada.vn/tivi/philips/
http://www.lazada.vn/bosch/?sort=ratingdesc&amp;dir=desc
http://www.lazada.vn/bosch/?sort=discountspecial&amp;dir=desc
http://www.lazada.vn/ta-dan-pampers-jumbo-xl54-1571562.html
http://www.lazada.vn/thiet-bi-phu-kien-o-to-xe-may/bosch/
http://www.lazada.vn/do-gia-dung/bosch/
Executing (default): INSERT INTO `products` (`id`,`code`,`title`,`brand`,`description`,`price`,`old_price`,`currency`,`created_at`,`updated_at`) VALUES (DEFAULT,'1571562','Tã dán Pampers Jumbo XL54','Pampers','Gói 54 miếngSize XLHệ thống khóa chất lỏng thông minhMềm mại thoáng mát',217000,235000,'VND','2016-10-06 17:00:14','2016-10-06 17:00:14');
{ dataValues: 
   { id: 238,
     code: '1571562',
     title: 'Tã dán Pampers Jumbo XL54',
     brand: 'Pampers',
     description: 'Gói 54 miếngSize XLHệ thống khóa chất lỏng thông minhMềm mại thoáng mát',
     price: 217000,
     oldPrice: 235000,
     currency: 'VND',
     updated_at: Fri Oct 07 2016 00:00:14 GMT+0700 (ICT),
     created_at: Fri Oct 07 2016 00:00:14 GMT+0700 (ICT) },
  _previousDataValues: 
   { code: '1571562',
     title: 'Tã dán Pampers Jumbo XL54',
     brand: 'Pampers',
     description: 'Gói 54 miếngSize XLHệ thống khóa chất lỏng thông minhMềm mại thoáng mát',
     price: 217000,
     oldPrice: 235000,
     currency: 'VND',
     id: 238,
     created_at: Fri Oct 07 2016 00:00:14 GMT+0700 (ICT),
     updated_at: Fri Oct 07 2016 00:00:14 GMT+0700 (ICT),
     deleted_at: undefined },
  _changed: 
   { code: false,
     title: false,
     brand: false,
     description: false,
     price: false,
     oldPrice: false,
     currency: false,
     id: false,
     created_at: false,
     updated_at: false,
     deleted_at: false },
  '$modelOptions': 
   { timestamps: true,
     instanceMethods: {},
     classMethods: { associate: [Function] },
     validate: {},
     freezeTableName: false,
     underscored: true,
     underscoredAll: false,
     paranoid: true,
     rejectOnEmpty: false,
     whereCollection: null,
     schema: null,
     schemaDelimiter: '',
     defaultScope: {},
     scopes: [],
     hooks: {},
     indexes: [],
     name: { plural: 'Products', singular: 'Product' },
     omitNul: false,
     tableName: 'products',
     sequelize: 
      { options: [Object],
        config: [Object],
        dialect: [Object],
        models: [Object],
        modelManager: [Object],
        connectionManager: [Object],
        importCache: [Object],
        test: [Object],
        queryInterface: [Object] },
     uniqueKeys: {},
     hasPrimaryKeys: true },
  '$options': 
   { isNewRecord: true,
     '$schema': null,
     '$schemaDelimiter': '',
     attributes: undefined,
     include: undefined,
     raw: undefined,
     silent: undefined },
  hasPrimaryKeys: true,
  __eagerlyLoadedAssociations: [],
  isNewRecord: false }
http://www.lazada.vn/ta-dan-pampers/
http://www.lazada.vn/ta-so-sinh-pampers/
http://www.lazada.vn/glucerna/abbott-dinh-duong-cho-nguoi-lon/
http://www.lazada.vn/ta-cao-cap-pampers/
http://www.lazada.vn/ta-quan-pampers/
http://www.lazada.vn/abbott/
http://www.lazada.vn/similac-mom/
http://www.lazada.vn/bo-2-ta-dan-pamper-l42-tang-1-ba-lo-hinh-thu-mau-ngau-nhien-2055488.html
http://www.lazada.vn/prosure/
http://www.lazada.vn/thiet-bi-phu-kien-o-to-xe-may/?3m-viet-nam
http://www.lazada.vn/tan-trang-nha-cua/scotch-brite/?3m-viet-nam
http://www.lazada.vn/3m-viet-nam/
http://www.lazada.vn/cham-soc-da-mat/3m/
http://www.lazada.vn/suc-khoe-an-toan/?3m-viet-nam
http://www.lazada.vn/do-dung-ngoai-troi-san-vuon/?3m-viet-nam
http://www.lazada.vn/kotra/
http://www.lazada.vn/kotra-my-pham-lam-dep/
http://www.lazada.vn/thiet-bi-y-te/?3m-viet-nam
http://www.lazada.vn/kotra-thuc-pham/
http://www.lazada.vn/kotra-gia-dung-gia-dinh/
http://www.lazada.vn/
http://www.lazada.vn/helpcenter/
http://www.lazada.vn/tuyet-chieu-mua-sam/
http://www.lazada.vn/helpcenter/orders-payment/
http://www.lazada.vn/helpcenter/returns-refunds/
http://www.lazada.vn/?setLang=en
http://www.lazada.vn/dieu-kien-su-dung-voucher/
http://www.lazada.vn/helpcenter/shipping-delivery/
http://www.lazada.vn/faq/
http://www.lazada.vn/khong-the-re-hon/
http://www.lazada.vn/san-pham-ban-boi-lazada/
http://www.lazada.vn/iphone-7/?ref=popular-search2&keyword=iphone+7
http://www.lazada.vn/pediasure-chinh-hang/?ref=popular-search5&keyword=PEDIASURE
http://www.lazada.vn/khong-the-re-hon/?ref=popular-search1&keyword=khuyến+mãi
http://www.lazada.vn/friso-chinh-hang/?ref=popular-search4&keyword=friso
http://www.lazada.vn/cart
http://www.lazada.vn/dao-gap/?ref=popular-search6&keyword=Dao+atm
http://www.lazada.vn/cac-loai-bot/?q=baking+soda&searchredirect=baking+soda?ref=popular-search7&keyword=Baking+soda
http://www.lazada.vn/dien-thoai-may-tinh-bang/
http://www.lazada.vn/acnes/?ref=popular-search8&keyword=Acnes
http://www.lazada.vn/phu-kien-dien-thoai-may-tinh-bang/
http://www.lazada.vn/smartphone/?q=iphone+6s&searchredirect=iphone+6s&ref=popular-search3&keyword=iPhone%206s
http://www.lazada.vn/dien-thoai-di-dong/
http://www.lazada.vn/may-tinh-bang/
http://www.lazada.vn/cap-dock-sac/
http://www.lazada.vn/pin-sac-du-phong/
http://www.lazada.vn/op-lung-bao-da-dien-thoai/
http://www.lazada.vn/pin-va-bo-sac/
http://www.lazada.vn/phu-kien-may-tinh-bang/
http://www.lazada.vn/mieng-dan-man-hinh-dien-thoai/
http://www.lazada.vn/phu-kien-dien-thoai-khac/
http://www.lazada.vn/phu-kien-di-dong-tren-xe-hoi/
http://www.lazada.vn/phu-kien-camera-dien-thoai/
http://www.lazada.vn/may-vi-tinh-laptop/
http://www.lazada.vn/macbooks/
http://www.lazada.vn/dong-2-in-1/
http://www.lazada.vn/laptop/
http://www.lazada.vn/laptop-giai-tri/
http://www.lazada.vn/laptop-co-ban/
http://www.lazada.vn/may-in-phu-kien/
http://www.lazada.vn/thiet-bi-mang/
http://www.lazada.vn/may-tinh-de-ban-va-phu-kien/
http://www.lazada.vn/thiet-bi-luu-tru/
http://www.lazada.vn/phu-kien-may-vi-tinh/
http://www.lazada.vn/may-anh-may-quay-phim/
http://www.lazada.vn/may-anh-du-lich/
http://www.lazada.vn/linh-kien-may-tinh/
http://www.lazada.vn/cac-loai-may-anh-khac/
http://www.lazada.vn/may-quay-phim/
http://www.lazada.vn/may-anh-slr/
http://www.lazada.vn/camera-xe-hoi/
http://www.lazada.vn/may-anh-sieu-zoom/
http://www.lazada.vn/may-anh-chup-lay-ngay/
http://www.lazada.vn/may-anh-khong-guong-lat/
http://www.lazada.vn/phu-kien-may-anh-may-quay-phim/
http://www.lazada.vn/the-nho-may-anh/
http://www.lazada.vn/tui-balo-dung-may-anh/
http://www.lazada.vn/tripods-monopods/
http://www.lazada.vn/cac-loai-ong-kinh/
http://www.lazada.vn/tivi/?display_size=1--0--18--20--21--24
http://www.lazada.vn/tivi/?display_size=30--32--33--34--35--39--40--42
http://www.lazada.vn/tv-video-am-thanh-thiet-bi-deo-cong-nghe/
http://www.lazada.vn/cac-loai-ong-nhom/
http://www.lazada.vn/tivi/?display_size=25--28--29--30--32
http://www.lazada.vn/tivi/
http://www.lazada.vn/tivi-gia-dac-biet-cho-cac-tinh-thanh-lon/
http://www.lazada.vn/tivi/?display_size=43--44--47--48--49--50--51
http://www.lazada.vn/phu-kien-cho-tv/
http://www.lazada.vn/tivi/?display_size=55--58--60--65--70--73--75--78--79--80--84--85--88--90-100--101--102--105--115--120--130--162
http://www.lazada.vn/thiet-bi-phat-am-thanh-di-dong/
http://www.lazada.vn/he-thong-giai-tri-cho-tai-gia/
http://www.lazada.vn/video/
http://www.lazada.vn/cac-loai-tai-nghe/
http://www.lazada.vn/thiet-bi-am-thanh-di-dong/
http://www.lazada.vn/thiet-bi-loa-di-dong/
http://www.lazada.vn/thiet-bi-choi-game/brand-xbox/
http://www.lazada.vn/thiet-bi-choi-game/
http://www.lazada.vn/cac-loai-may-chieu/
http://www.lazada.vn/cac-loai-media-player/
http://www.lazada.vn/thiet-bi-ps4/
http://www.lazada.vn/thiet-bi-choi-game/nintendo/
http://www.lazada.vn/thiet-bi-deo-cong-nghe/
http://www.lazada.vn/dong-ho-thong-minh-smart-watch/
http://www.lazada.vn/thiet-bi-giam-sat-thong-minh/
http://www.lazada.vn/brands/
http://www.lazada.vn/flash/
http://www.lazada.vn/thiet-bi-dieu-khien-qua-app/
http://www.lazada.vn/vong-theo-doi-van-dong/
http://www.lazada.vn/asus/
http://www.lazada.vn/apple/
http://www.lazada.vn/kinh-3d-cho-tivi/
http://www.lazada.vn/canon/
http://www.lazada.vn/jbl/
http://www.lazada.vn/dell/
http://www.lazada.vn/infinix/
http://www.lazada.vn/lg/
http://www.lazada.vn/lenovo/
http://www.lazada.vn/samsung-viet-nam/
http://www.lazada.vn/nikon/
http://www.lazada.vn/sony/
http://www.lazada.vn/xiaomi/
http://www.lazada.vn/khong-the-re-hon-dien-thoai-may-tinh-bang/
http://www.lazada.vn/top-100-tivi-ban-chay/
http://www.lazada.vn/hang-dien-tu-tra-gop-0-phan-tram/
http://www.lazada.vn/thoi-trang-nu/
http://www.lazada.vn/trang-phuc-nu/
http://www.lazada.vn/ao-khoac-nu/
http://www.lazada.vn/dam-nu/
http://www.lazada.vn/chan-vay/
http://www.lazada.vn/that-lung-nu/
http://www.lazada.vn/do-boi-nu/
http://www.lazada.vn/quan-nu/
http://www.lazada.vn/ao-thun-nu/
http://www.lazada.vn/quan-short-cho-nu/
http://www.lazada.vn/non-thoi-trang-nu/
http://www.lazada.vn/du-nu/
http://www.lazada.vn/dam-bau/
http://www.lazada.vn/do-lot-do-ngu/
http://www.lazada.vn/tui-xach-nu/
http://www.lazada.vn/tui-xach-tay-nu/
http://www.lazada.vn/ba-lo-nu/
http://www.lazada.vn/mat-kinh-nu/
http://www.lazada.vn/tui-deo-cheo-nu/
http://www.lazada.vn/vi-cho-nu/
http://www.lazada.vn/tui-ban-to-nu/
http://www.lazada.vn/kinh-deo-mat-nu/
http://www.lazada.vn/vi-cam-tay/
http://www.lazada.vn/kinh-mat-danh-cho-nu/
http://www.lazada.vn/giay-nu-thoi-trang/
http://www.lazada.vn/giay-cao-got-nu-thoi-trang/
http://www.lazada.vn/giay-nu-de-bang/
http://www.lazada.vn/trang-suc-nu/
http://www.lazada.vn/vong-deo-tay-nu/
http://www.lazada.vn/giay-bot-nu/
http://www.lazada.vn/giay-de-xuong-nu-thoi-trang/
http://www.lazada.vn/nhan-nu/
http://www.lazada.vn/dep-thoi-trang-nu/
http://www.lazada.vn/xang-dan-nu-thoi-trang/
http://www.lazada.vn/bong-tai-nu/
http://www.lazada.vn/mua-giay-the-thao-nu/
http://www.lazada.vn/vong-co-nu/
http://www.lazada.vn/dong-ho-nu-thoi-trang/
http://www.lazada.vn/dong-ho-nu-doanh-nhan/
http://www.lazada.vn/dong-ho-nu-thoi-trang-cao-cap/
http://www.lazada.vn/bo-trang-suc-phu-kien-nu/
http://www.lazada.vn/thoi-trang-danh-cho-be-gai/?ref=HP
http://www.lazada.vn/dong-ho-nu-casual/
http://www.lazada.vn/dong-ho-the-thao-danh-cho-nu/
http://www.lazada.vn/thoi-trang-giay-danh-cho-be-gai/
http://www.lazada.vn/dong-ho-danh-cho-be-gai/
http://www.lazada.vn/link-cac-thuong-hieu/thoi-trang-nu/
http://www.lazada.vn/phu-kien-danh-cho-be-gai/
http://www.lazada.vn/biti-s-shop/
http://www.lazada.vn/aqua-sportswear/
http://www.lazada.vn/quan-ao-danh-cho-be-gai/
http://www.lazada.vn/thoi-trang-nu/lada/
http://www.lazada.vn/ibasic/
http://www.lazada.vn/hoang-khanh/
http://www.lazada.vn/labelle/
http://www.lazada.vn/misaki/
http://www.lazada.vn/lata/
http://www.lazada.vn/marc/
http://www.lazada.vn/bestdon/?q=nu
http://www.lazada.vn/link-cac-thuong-hieu/dong-ho-mat-kinh-trang-suc/
http://www.lazada.vn/thoi-trang-nu/mirabella/
http://www.lazada.vn/paradise-fashion/
http://www.lazada.vn/btj/?sort=priceasc&amp;dir=asc
http://www.lazada.vn/wannabe/
http://www.lazada.vn/triumph/
http://www.lazada.vn/citizen/?q=nu
http://www.lazada.vn/new-look/
http://www.lazada.vn/dong-ho-nu-thoi-trang/casio/
http://www.lazada.vn/elizabeth/
http://www.lazada.vn/exfash/
http://www.lazada.vn/brand-daniel-wellington/
http://www.lazada.vn/michael-kors/
http://www.lazada.vn/julius/
http://www.lazada.vn/rayban/
http://www.lazada.vn/jubilant/?q=nu
http://www.lazada.vn/brand-soufeel/
http://www.lazada.vn/dong-ho-nu-thoi-trang/timex/?searchredirect=timex
http://www.lazada.vn/dong-ho-mat-kinh-phu-kien-hang-hieu-gia-si/
http://www.lazada.vn/shop-lata/
http://www.lazada.vn/stuhrling-original/?q-nu
http://www.lazada.vn/ron-rang-sac-thu/
http://www.lazada.vn/thoi-trang-nam/
http://www.lazada.vn/ao-khoac-nam/
http://www.lazada.vn/trang-phuc-nam/
http://www.lazada.vn/quan-short-nam/
http://www.lazada.vn/do-lot-tat/
http://www.lazada.vn/that-lung-nam/
http://www.lazada.vn/ao-thun-nam/
http://www.lazada.vn/ao-so-mi/
http://www.lazada.vn/non-thoi-trang-nam/
http://www.lazada.vn/quan-nam/
http://www.lazada.vn/ao-len-cardigan-nam/
http://www.lazada.vn/du-thoi-trang-nam/
http://www.lazada.vn/ca-vat-no-buom/
http://www.lazada.vn/tui-messenger-thoi-trang-nam/
http://www.lazada.vn/tui-xach-cong-so-thoi-trang-nam/
http://www.lazada.vn/kinh-deo-mat-nam/
http://www.lazada.vn/tui-deo-cheo-cho-nam/
http://www.lazada.vn/tui-xach-nam/
http://www.lazada.vn/giay-nam-thoi-trang/
http://www.lazada.vn/mat-kinh-nam/
http://www.lazada.vn/vi-cho-nam/
http://www.lazada.vn/ba-lo-thoi-trang-nam/
http://www.lazada.vn/kinh-mat-danh-cho-nam/
http://www.lazada.vn/giay-cong-so-nam-thoi-trang/
http://www.lazada.vn/giay-casual-nam-thoi-trang/
http://www.lazada.vn/giay-bot-nam-thoi-trang/
http://www.lazada.vn/nhan-nam/
http://www.lazada.vn/bong-tai-nam/
http://www.lazada.vn/vong-co-nam/
http://www.lazada.vn/trang-suc-nam/
http://www.lazada.vn/phu-kien-nam-khac/
http://www.lazada.vn/dong-ho-business-nam-gioi/
http://www.lazada.vn/vong-tay-nam/
http://www.lazada.vn/dong-ho-thoi-trang-danh-cho-nam-gioi/
http://www.lazada.vn/dong-ho-casual-nam-gioi/
http://www.lazada.vn/dong-ho-nam-gioi/
http://www.lazada.vn/dong-ho-the-thao-danh-cho-nam-gioi/
http://www.lazada.vn/dep-thoi-trang-nam/
http://www.lazada.vn/link-cac-thuong-hieu/thoi-trang-nam/
http://www.lazada.vn/phu-kien-danh-cho-be-trai/
http://www.lazada.vn/cat-sa/
http://www.lazada.vn/j-buss/
http://www.lazada.vn/thoi-trang-nam/kapo/
http://www.lazada.vn/huyhoang/
http://www.lazada.vn/thoi-trang-giay-cho-be-trai/
http://www.lazada.vn/quan-ao-cho-be-trai/
http://www.lazada.vn/thoi-trang-danh-cho-be-trai/
http://www.lazada.vn/dong-ho-danh-cho-be-trai/
http://www.lazada.vn/mattana1/
http://www.lazada.vn/seahorse-underwear/
http://www.lazada.vn/thoi-trang-nam/giay-cao-smartmen--smartmen/
http://www.lazada.vn/tuvi-s/
http://www.lazada.vn/dong-ho-nam-gioi/casio/
http://www.lazada.vn/vnl/
http://www.lazada.vn/tokui-japan/
http://www.lazada.vn/sinobi/?q=nam
http://www.lazada.vn/dong-ho/curren/
http://www.lazada.vn/seiko/
http://www.lazada.vn/bac-hieu-minh/?q=nam
http://www.lazada.vn/dong-ho-nam-gioi/citizen
http://www.lazada.vn/invicta/?q=nam
http://www.lazada.vn/dong-ho/skmei/?q=nam
http://www.lazada.vn/tissot/
http://www.lazada.vn/titan/
http://www.lazada.vn/stuhrling-original/?q-nam
http://www.lazada.vn/dong-ho-mat-kinh-phu-kien-mua-1-duoc-2/
http://www.lazada.vn/hang-ve-bao-la-mua-sam-tha-ga/
http://www.lazada.vn/do-gia-dung/?ref=HP
http://www.lazada.vn/may-dung-che-bien-thuc-an/
http://www.lazada.vn/giay-nam-phong-cach-moi-ngay/
http://www.lazada.vn/noi-com-dien-va-noi-hap/
http://www.lazada.vn/do-gia-dung-nha-bep/
http://www.lazada.vn/may-xay-ep-trai-cay/
http://www.lazada.vn/bep-nuong-dien/
http://www.lazada.vn/bep-chien/
http://www.lazada.vn/am-sieu-toc-binh-thuy-dien/
http://www.lazada.vn/may-pha-cafe-phu-kien/
http://www.lazada.vn/may-may/
http://www.lazada.vn/ban-ui/
http://www.lazada.vn/thiet-bi-cham-soc-quan-ao/
http://www.lazada.vn/lo-vi-song-lo-nuong/
http://www.lazada.vn/do-gia-dung-lon/
http://www.lazada.vn/tu-lanh/
http://www.lazada.vn/may-giat-va-say/
http://www.lazada.vn/bep-nau-lon/
http://www.lazada.vn/ban-ui-cong-nghiep/
http://www.lazada.vn/may-lanh/
http://www.lazada.vn/tu-dong/
http://www.lazada.vn/quat-may-nong-lanh/
http://www.lazada.vn/quat/
http://www.lazada.vn/do-dung-bep-phong-an/
http://www.lazada.vn/vat-dung-dung-do-trong-nha-bep/
http://www.lazada.vn/phu-kien-dung-cu-nha-bep/
http://www.lazada.vn/may-loc-khi-may-hut-am-may-tao-do-am/
http://www.lazada.vn/do-dung-cho-ban-an/
http://www.lazada.vn/dung-cu-phu-kien-lam-banh/
http://www.lazada.vn/dung-cu-thiet-bi-gia-dinh/
http://www.lazada.vn/nha-cua-doi-song/?ref=HP
http://www.lazada.vn/dung-cu-nau-an/
http://www.lazada.vn/may-nuoc-nong-da-diem/
http://www.lazada.vn/dao-nha-bep/
